Log file open, 11/01/20 18:38:10
LogInit: Display: Running engine for game: MatchtheDiff
LogPlatformFile: Not using cached read wrapper
LogTaskGraph: Started task graph with 5 named threads and 47 total threads with 3 sets of task threads.
LogStats: Stats thread started at 0.200912
LogD3D11RHI: Loaded GFSDK_Aftermath_Lib.x64.dll
LogICUInternationalization: ICU TimeZone Detection - Raw Offset: -5:00, Platform Override: ''
LogPluginManager: Mounting plugin Paper2D
LogPluginManager: Mounting plugin AISupport
LogPluginManager: Mounting plugin LightPropagationVolume
LogPluginManager: Mounting plugin CameraShakePreviewer
LogPluginManager: Mounting plugin ActorLayerUtilities
LogPluginManager: Mounting plugin AnimationSharing
LogPluginManager: Mounting plugin CLionSourceCodeAccess
LogPluginManager: Mounting plugin CodeLiteSourceCodeAccess
LogPluginManager: Mounting plugin GitSourceControl
LogPluginManager: Mounting plugin KDevelopSourceCodeAccess
LogPluginManager: Mounting plugin NullSourceCodeAccess
LogPluginManager: Mounting plugin PerforceSourceControl
LogPluginManager: Mounting plugin PlasticSourceControl
LogPluginManager: Mounting plugin RiderSourceCodeAccess
LogPluginManager: Mounting plugin SubversionSourceControl
LogPluginManager: Mounting plugin UObjectPlugin
LogPluginManager: Mounting plugin VisualStudioCodeSourceCodeAccess
LogPluginManager: Mounting plugin VisualStudioSourceCodeAccess
LogPluginManager: Mounting plugin XCodeSourceCodeAccess
LogPluginManager: Mounting plugin AssetManagerEditor
LogPluginManager: Mounting plugin CryptoKeys
LogPluginManager: Mounting plugin CurveEditorTools
LogPluginManager: Mounting plugin DataValidation
LogPluginManager: Mounting plugin EditorScriptingUtilities
LogPluginManager: Mounting plugin FacialAnimation
LogPluginManager: Mounting plugin GameplayTagsEditor
LogPluginManager: Mounting plugin GeometryMode
LogPluginManager: Mounting plugin MacGraphicsSwitching
LogPluginManager: Mounting plugin MaterialAnalyzer
LogPluginManager: Mounting plugin MobileLauncherProfileWizard
LogPluginManager: Mounting plugin PluginBrowser
LogPluginManager: Mounting plugin SpeedTreeImporter
LogPluginManager: Mounting plugin DatasmithContent
LogPluginManager: Mounting plugin VariantManagerContent
LogPluginManager: Mounting plugin AlembicImporter
LogPluginManager: Mounting plugin AutomationUtils
LogPluginManager: Mounting plugin BackChannel
LogPluginManager: Mounting plugin ChaosCloth
LogPluginManager: Mounting plugin ChaosClothEditor
LogPluginManager: Mounting plugin ChaosEditor
LogPluginManager: Mounting plugin ChaosNiagara
LogPluginManager: Mounting plugin ChaosSolverPlugin
LogPluginManager: Mounting plugin CharacterAI
LogPluginManager: Mounting plugin GeometryCache
LogPluginManager: Mounting plugin GeometryCollectionPlugin
LogPluginManager: Mounting plugin GeometryProcessing
LogPluginManager: Mounting plugin PlanarCut
LogPluginManager: Mounting plugin PlatformCrypto
LogPluginManager: Mounting plugin ProxyLODPlugin
LogPluginManager: Mounting plugin SkeletalReduction
LogPluginManager: Mounting plugin Niagara
LogPluginManager: Mounting plugin MagicLeap
LogPluginManager: Mounting plugin MagicLeapLightEstimation
LogPluginManager: Mounting plugin MagicLeapMedia
LogPluginManager: Mounting plugin MagicLeapPassableWorld
LogPluginManager: Mounting plugin MLSDK
LogPluginManager: Mounting plugin AndroidMedia
LogPluginManager: Mounting plugin AvfMedia
LogPluginManager: Mounting plugin ImgMedia
LogPluginManager: Mounting plugin MediaCompositing
LogPluginManager: Mounting plugin MediaPlayerEditor
LogPluginManager: Mounting plugin WebMMedia
LogPluginManager: Mounting plugin WmfMedia
LogPluginManager: Mounting plugin MeshPainting
LogPluginManager: Mounting plugin TcpMessaging
LogPluginManager: Mounting plugin UdpMessaging
LogPluginManager: Mounting plugin ActorSequence
LogPluginManager: Mounting plugin LevelSequenceEditor
LogPluginManager: Mounting plugin MatineeToLevelSequence
LogPluginManager: Mounting plugin MovieRenderPipeline
LogPluginManager: Mounting plugin TemplateSequence
LogPluginManager: Mounting plugin NetcodeUnitTest
LogPluginManager: Mounting plugin NUTUnrealEngine4
LogPluginManager: Mounting plugin OnlineSubsystemGooglePlay
LogPluginManager: Mounting plugin OnlineSubsystemIOS
LogPluginManager: Mounting plugin OnlineSubsystem
LogPluginManager: Mounting plugin OnlineSubsystemNull
LogPluginManager: Mounting plugin OnlineSubsystemUtils
LogPluginManager: Mounting plugin LauncherChunkInstaller
LogPluginManager: Mounting plugin AndroidDeviceProfileSelector
LogPluginManager: Mounting plugin AndroidMoviePlayer
LogPluginManager: Mounting plugin AndroidPermission
LogPluginManager: Mounting plugin AppleImageUtils
LogPluginManager: Mounting plugin AppleMoviePlayer
LogPluginManager: Mounting plugin ArchVisCharacter
LogPluginManager: Mounting plugin AssetTags
LogPluginManager: Mounting plugin AudioCapture
LogPluginManager: Mounting plugin CableComponent
LogPluginManager: Mounting plugin CustomMeshComponent
LogPluginManager: Mounting plugin EditableMesh
LogPluginManager: Mounting plugin ExampleDeviceProfileSelector
LogPluginManager: Mounting plugin GoogleCloudMessaging
LogPluginManager: Mounting plugin GooglePAD
LogPluginManager: Mounting plugin IOSDeviceProfileSelector
LogPluginManager: Mounting plugin LinuxDeviceProfileSelector
LogPluginManager: Mounting plugin LocationServicesBPLibrary
LogPluginManager: Mounting plugin MobilePatchingUtils
LogPluginManager: Mounting plugin OculusVR
LogPluginManager: Mounting plugin PhysXVehicles
LogPluginManager: Mounting plugin PostSplashScreen
LogPluginManager: Mounting plugin ProceduralMeshComponent
LogPluginManager: Mounting plugin RuntimePhysXCooking
LogPluginManager: Mounting plugin SignificanceManager
LogPluginManager: Mounting plugin SoundFields
LogPluginManager: Mounting plugin SteamVR
LogPluginManager: Mounting plugin Synthesis
LogPluginManager: Mounting plugin WebMMoviePlayer
LogPluginManager: Mounting plugin WindowsMoviePlayer
LogPluginManager: Mounting plugin ScreenshotTools
LogInit: Using libcurl 7.55.1-DEV
LogInit:  - built for x86_64-pc-win32
LogInit:  - supports SSL with OpenSSL/1.1.1
LogInit:  - supports HTTP deflate (compression) using libz 1.2.8
LogInit:  - other features:
LogInit:      CURL_VERSION_SSL
LogInit:      CURL_VERSION_LIBZ
LogInit:      CURL_VERSION_IPV6
LogInit:      CURL_VERSION_ASYNCHDNS
LogInit:      CURL_VERSION_LARGEFILE
LogInit:      CURL_VERSION_IDN
LogInit:  CurlRequestOptions (configurable via config and command line):
LogInit:  - bVerifyPeer = true  - Libcurl will verify peer certificate
LogInit:  - bUseHttpProxy = false  - Libcurl will NOT use HTTP proxy
LogInit:  - bDontReuseConnections = false  - Libcurl will reuse connections
LogInit:  - MaxHostConnections = 16  - Libcurl will limit the number of connections to a host
LogInit:  - LocalHostAddr = Default
LogInit:  - BufferSize = 65536
LogOnline: OSS: Creating online subsystem instance for: NULL
LogInit: WinSock: version 1.1 (2.2), MaxSocks=32767, MaxUdp=65467
LogOnline: OSS: TryLoadSubsystemAndSetDefault: Loaded subsystem for module [NULL]
LogInit: Build: ++UE4+Release-4.25-CL-13942748
LogInit: Engine Version: 4.25.3-13942748+++UE4+Release-4.25
LogInit: Compatible Engine Version: 4.25.0-13144385+++UE4+Release-4.25
LogInit: Net CL: 13144385
LogInit: OS: Windows 10 (Release 1909) (), CPU: Intel(R) Core(TM) i9-9900K CPU @ 3.60GHz, GPU: NVIDIA GeForce RTX 2070 SUPER
LogInit: Compiled (64-bit): Jul 25 2020 02:07:48
LogInit: Compiled with Visual C++: 19.24.28315.00
LogInit: Build Configuration: Development
LogInit: Branch Name: ++UE4+Release-4.25
LogInit: Command Line: 
LogInit: Base Directory: C:/Program Files/Epic Games/UE_4.25/Engine/Binaries/Win64/
LogInit: Allocator: TBB
LogInit: Installed Engine Build: 1
LogDevObjectVersion: Number of dev versions registered: 26
LogDevObjectVersion:   Dev-Blueprints (B0D832E4-1F89-4F0D-ACCF-7EB736FD4AA2): 10
LogDevObjectVersion:   Dev-Build (E1C64328-A22C-4D53-A36C-8E866417BD8C): 0
LogDevObjectVersion:   Dev-Core (375EC13C-06E4-48FB-B500-84F0262A717E): 4
LogDevObjectVersion:   Dev-Editor (E4B068ED-F494-42E9-A231-DA0B2E46BB41): 38
LogDevObjectVersion:   Dev-Framework (CFFC743F-43B0-4480-9391-14DF171D2073): 37
LogDevObjectVersion:   Dev-Mobile (B02B49B5-BB20-44E9-A304-32B752E40360): 2
LogDevObjectVersion:   Dev-Networking (A4E4105C-59A1-49B5-A7C5-40C4547EDFEE): 0
LogDevObjectVersion:   Dev-Online (39C831C9-5AE6-47DC-9A44-9C173E1C8E7C): 0
LogDevObjectVersion:   Dev-Physics (78F01B33-EBEA-4F98-B9B4-84EACCB95AA2): 4
LogDevObjectVersion:   Dev-Platform (6631380F-2D4D-43E0-8009-CF276956A95A): 0
LogDevObjectVersion:   Dev-Rendering (12F88B9F-8875-4AFC-A67C-D90C383ABD29): 43
LogDevObjectVersion:   Dev-Sequencer (7B5AE74C-D270-4C10-A958-57980B212A5A): 12
LogDevObjectVersion:   Dev-VR (D7296918-1DD6-4BDD-9DE2-64A83CC13884): 3
LogDevObjectVersion:   Dev-LoadTimes (C2A15278-BFE7-4AFE-6C17-90FF531DF755): 1
LogDevObjectVersion:   Private-Geometry (6EACA3D4-40EC-4CC1-B786-8BED09428FC5): 3
LogDevObjectVersion:   Dev-AnimPhys (29E575DD-E0A3-4627-9D10-D276232CDCEA): 17
LogDevObjectVersion:   Dev-Anim (AF43A65D-7FD3-4947-9873-3E8ED9C1BB05): 7
LogDevObjectVersion:   Dev-ReflectionCapture (6B266CEC-1EC7-4B8F-A30B-E4D90942FC07): 1
LogDevObjectVersion:   Dev-Automation (0DF73D61-A23F-47EA-B727-89E90C41499A): 1
LogDevObjectVersion:   FortniteMain (601D1886-AC64-4F84-AA16-D3DE0DEAC7D6): 31
LogDevObjectVersion:   Dev-Enterprise (9DFFBCD6-494F-0158-E221-12823C92A888): 10
LogDevObjectVersion:   Dev-Niagara (F2AED0AC-9AFE-416F-8664-AA7FFA26D6FC): 1
LogDevObjectVersion:   Dev-Destruction (174F1F0B-B4C6-45A5-B13F-2EE8D0FB917D): 10
LogDevObjectVersion:   Dev-Physics-Ext (35F94A83-E258-406C-A318-09F59610247C): 37
LogDevObjectVersion:   Dev-PhysicsMaterial-Chaos (B68FC16E-8B1B-42E2-B453-215C058844FE): 1
LogDevObjectVersion:   Dev-CineCamera (B2E18506-4273-CFC2-A54E-F4BB758BBA07): 1
LogInit: Presizing for max 25165824 objects, including 0 objects not considered by GC, pre-allocating 0 bytes for permanent pool.
LogConfig: Applying CVar settings from Section [/Script/Engine.StreamingSettings] File [C:/Users/jack/OneDrive/Documents/Unreal Projects/MatchTheDiffrence/MatchtheDiff/Saved/Config/Windows/Engine.ini]
LogConfig: Setting CVar [[s.MinBulkDataSizeForAsyncLoading:131072]]
LogConfig: Setting CVar [[s.AsyncLoadingThreadEnabled:0]]
LogConfig: Setting CVar [[s.EventDrivenLoaderEnabled:1]]
LogConfig: Setting CVar [[s.WarnIfTimeLimitExceeded:0]]
LogConfig: Setting CVar [[s.TimeLimitExceededMultiplier:1.5]]
LogConfig: Setting CVar [[s.TimeLimitExceededMinTime:0.005]]
LogConfig: Setting CVar [[s.UseBackgroundLevelStreaming:1]]
LogConfig: Setting CVar [[s.PriorityAsyncLoadingExtraTime:15.0]]
LogConfig: Setting CVar [[s.LevelStreamingActorsUpdateTimeLimit:5.0]]
LogConfig: Setting CVar [[s.PriorityLevelStreamingActorsUpdateExtraTime:5.0]]
LogConfig: Setting CVar [[s.LevelStreamingComponentsRegistrationGranularity:10]]
LogConfig: Setting CVar [[s.UnregisterComponentsTimeLimit:1.0]]
LogConfig: Setting CVar [[s.LevelStreamingComponentsUnregistrationGranularity:5]]
LogConfig: Setting CVar [[s.FlushStreamingOnExit:1]]
LogInit: Object subsystem initialized
LogConfig: Setting CVar [[con.DebugEarlyDefault:1]]
LogConfig: Setting CVar [[r.setres:1280x720]]
[2020.11.01-23.38.10:794][  0]LogConfig: Setting CVar [[r.VSync:0]]
[2020.11.01-23.38.10:794][  0]LogConfig: Setting CVar [[r.RHICmdBypass:0]]
[2020.11.01-23.38.10:794][  0]LogConfig: Applying CVar settings from Section [/Script/Engine.RendererSettings] File [C:/Users/jack/OneDrive/Documents/Unreal Projects/MatchTheDiffrence/MatchtheDiff/Saved/Config/Windows/Engine.ini]
[2020.11.01-23.38.10:794][  0]LogConfig: Setting CVar [[r.GPUCrashDebugging:0]]
[2020.11.01-23.38.10:794][  0]LogConfig: Applying CVar settings from Section [/Script/Engine.RendererOverrideSettings] File [C:/Users/jack/OneDrive/Documents/Unreal Projects/MatchTheDiffrence/MatchtheDiff/Saved/Config/Windows/Engine.ini]
[2020.11.01-23.38.10:794][  0]LogConfig: Applying CVar settings from Section [/Script/Engine.StreamingSettings] File [C:/Users/jack/OneDrive/Documents/Unreal Projects/MatchTheDiffrence/MatchtheDiff/Saved/Config/Windows/Engine.ini]
[2020.11.01-23.38.10:794][  0]LogConfig: Setting CVar [[s.MinBulkDataSizeForAsyncLoading:131072]]
[2020.11.01-23.38.10:794][  0]LogConfig: Setting CVar [[s.AsyncLoadingThreadEnabled:0]]
[2020.11.01-23.38.10:794][  0]LogConfig: Setting CVar [[s.EventDrivenLoaderEnabled:1]]
[2020.11.01-23.38.10:794][  0]LogConfig: Setting CVar [[s.WarnIfTimeLimitExceeded:0]]
[2020.11.01-23.38.10:794][  0]LogConfig: Setting CVar [[s.TimeLimitExceededMultiplier:1.5]]
[2020.11.01-23.38.10:794][  0]LogConfig: Setting CVar [[s.TimeLimitExceededMinTime:0.005]]
[2020.11.01-23.38.10:794][  0]LogConfig: Setting CVar [[s.UseBackgroundLevelStreaming:1]]
[2020.11.01-23.38.10:794][  0]LogConfig: Setting CVar [[s.PriorityAsyncLoadingExtraTime:15.0]]
[2020.11.01-23.38.10:794][  0]LogConfig: Setting CVar [[s.LevelStreamingActorsUpdateTimeLimit:5.0]]
[2020.11.01-23.38.10:794][  0]LogConfig: Setting CVar [[s.PriorityLevelStreamingActorsUpdateExtraTime:5.0]]
[2020.11.01-23.38.10:794][  0]LogConfig: Setting CVar [[s.LevelStreamingComponentsRegistrationGranularity:10]]
[2020.11.01-23.38.10:794][  0]LogConfig: Setting CVar [[s.UnregisterComponentsTimeLimit:1.0]]
[2020.11.01-23.38.10:794][  0]LogConfig: Setting CVar [[s.LevelStreamingComponentsUnregistrationGranularity:5]]
[2020.11.01-23.38.10:794][  0]LogConfig: Setting CVar [[s.FlushStreamingOnExit:1]]
[2020.11.01-23.38.10:794][  0]LogConfig: Applying CVar settings from Section [/Script/Engine.GarbageCollectionSettings] File [C:/Users/jack/OneDrive/Documents/Unreal Projects/MatchTheDiffrence/MatchtheDiff/Saved/Config/Windows/Engine.ini]
[2020.11.01-23.38.10:794][  0]LogConfig: Setting CVar [[gc.MaxObjectsNotConsideredByGC:1]]
[2020.11.01-23.38.10:794][  0]LogConfig: Setting CVar [[gc.SizeOfPermanentObjectPool:0]]
[2020.11.01-23.38.10:794][  0]LogConfig: Setting CVar [[gc.FlushStreamingOnGC:0]]
[2020.11.01-23.38.10:794][  0]LogConfig: Setting CVar [[gc.NumRetriesBeforeForcingGC:10]]
[2020.11.01-23.38.10:794][  0]LogConfig: Setting CVar [[gc.AllowParallelGC:1]]
[2020.11.01-23.38.10:794][  0]LogConfig: Setting CVar [[gc.TimeBetweenPurgingPendingKillObjects:61.1]]
[2020.11.01-23.38.10:794][  0]LogConfig: Setting CVar [[gc.MaxObjectsInEditor:25165824]]
[2020.11.01-23.38.10:794][  0]LogConfig: Setting CVar [[gc.IncrementalBeginDestroyEnabled:1]]
[2020.11.01-23.38.10:794][  0]LogConfig: Setting CVar [[gc.CreateGCClusters:1]]
[2020.11.01-23.38.10:794][  0]LogConfig: Setting CVar [[gc.MinGCClusterSize:5]]
[2020.11.01-23.38.10:794][  0]LogConfig: Setting CVar [[gc.ActorClusteringEnabled:0]]
[2020.11.01-23.38.10:794][  0]LogConfig: Setting CVar [[gc.BlueprintClusteringEnabled:0]]
[2020.11.01-23.38.10:794][  0]LogConfig: Setting CVar [[gc.UseDisregardForGCOnDedicatedServers:0]]
[2020.11.01-23.38.10:794][  0]LogConfig: Applying CVar settings from Section [/Script/Engine.NetworkSettings] File [C:/Users/jack/OneDrive/Documents/Unreal Projects/MatchTheDiffrence/MatchtheDiff/Saved/Config/Windows/Engine.ini]
[2020.11.01-23.38.10:794][  0]LogConfig: Applying CVar settings from Section [/Script/UnrealEd.CookerSettings] File [C:/Users/jack/OneDrive/Documents/Unreal Projects/MatchTheDiffrence/MatchtheDiff/Saved/Config/Windows/Engine.ini]
[2020.11.01-23.38.10:799][  0]LogConfig: Applying CVar settings from Section [ViewDistanceQuality@3] File [C:/Users/jack/OneDrive/Documents/Unreal Projects/MatchTheDiffrence/MatchtheDiff/Saved/Config/Windows/Scalability.ini]
[2020.11.01-23.38.10:799][  0]LogConfig: Setting CVar [[r.SkeletalMeshLODBias:0]]
[2020.11.01-23.38.10:799][  0]LogConfig: Setting CVar [[r.ViewDistanceScale:1.0]]
[2020.11.01-23.38.10:799][  0]LogConfig: Applying CVar settings from Section [AntiAliasingQuality@3] File [C:/Users/jack/OneDrive/Documents/Unreal Projects/MatchTheDiffrence/MatchtheDiff/Saved/Config/Windows/Scalability.ini]
[2020.11.01-23.38.10:799][  0]LogConfig: Setting CVar [[r.PostProcessAAQuality:4]]
[2020.11.01-23.38.10:799][  0]LogConfig: Applying CVar settings from Section [ShadowQuality@3] File [C:/Users/jack/OneDrive/Documents/Unreal Projects/MatchTheDiffrence/MatchtheDiff/Saved/Config/Windows/Scalability.ini]
[2020.11.01-23.38.10:799][  0]LogConfig: Setting CVar [[r.LightFunctionQuality:1]]
[2020.11.01-23.38.10:799][  0]LogConfig: Setting CVar [[r.ShadowQuality:5]]
[2020.11.01-23.38.10:799][  0]LogConfig: Setting CVar [[r.Shadow.CSM.MaxCascades:10]]
[2020.11.01-23.38.10:799][  0]LogConfig: Setting CVar [[r.Shadow.MaxResolution:2048]]
[2020.11.01-23.38.10:799][  0]LogConfig: Setting CVar [[r.Shadow.MaxCSMResolution:2048]]
[2020.11.01-23.38.10:799][  0]LogConfig: Setting CVar [[r.Shadow.RadiusThreshold:0.01]]
[2020.11.01-23.38.10:799][  0]LogConfig: Setting CVar [[r.Shadow.DistanceScale:1.0]]
[2020.11.01-23.38.10:799][  0]LogConfig: Setting CVar [[r.Shadow.CSM.TransitionScale:1.0]]
[2020.11.01-23.38.10:799][  0]LogConfig: Setting CVar [[r.Shadow.PreShadowResolutionFactor:1.0]]
[2020.11.01-23.38.10:799][  0]LogConfig: Setting CVar [[r.DistanceFieldShadowing:1]]
[2020.11.01-23.38.10:799][  0]LogConfig: Setting CVar [[r.DistanceFieldAO:1]]
[2020.11.01-23.38.10:799][  0]LogConfig: Setting CVar [[r.AOQuality:2]]
[2020.11.01-23.38.10:799][  0]LogConfig: Setting CVar [[r.VolumetricFog:1]]
[2020.11.01-23.38.10:799][  0]LogConfig: Setting CVar [[r.VolumetricFog.GridPixelSize:8]]
[2020.11.01-23.38.10:799][  0]LogConfig: Setting CVar [[r.VolumetricFog.GridSizeZ:128]]
[2020.11.01-23.38.10:799][  0]LogConfig: Setting CVar [[r.VolumetricFog.HistoryMissSupersampleCount:4]]
[2020.11.01-23.38.10:799][  0]LogConfig: Setting CVar [[r.LightMaxDrawDistanceScale:1]]
[2020.11.01-23.38.10:799][  0]LogConfig: Setting CVar [[r.CapsuleShadows:1]]
[2020.11.01-23.38.10:799][  0]LogConfig: Applying CVar settings from Section [PostProcessQuality@3] File [C:/Users/jack/OneDrive/Documents/Unreal Projects/MatchTheDiffrence/MatchtheDiff/Saved/Config/Windows/Scalability.ini]
[2020.11.01-23.38.10:799][  0]LogConfig: Setting CVar [[r.MotionBlurQuality:4]]
[2020.11.01-23.38.10:799][  0]LogConfig: Setting CVar [[r.AmbientOcclusionMipLevelFactor:0.4]]
[2020.11.01-23.38.10:799][  0]LogConfig: Setting CVar [[r.AmbientOcclusionMaxQuality:100]]
[2020.11.01-23.38.10:799][  0]LogConfig: Setting CVar [[r.AmbientOcclusionLevels:-1]]
[2020.11.01-23.38.10:799][  0]LogConfig: Setting CVar [[r.AmbientOcclusionRadiusScale:1.0]]
[2020.11.01-23.38.10:799][  0]LogConfig: Setting CVar [[r.DepthOfFieldQuality:2]]
[2020.11.01-23.38.10:799][  0]LogConfig: Setting CVar [[r.RenderTargetPoolMin:400]]
[2020.11.01-23.38.10:799][  0]LogConfig: Setting CVar [[r.LensFlareQuality:2]]
[2020.11.01-23.38.10:799][  0]LogConfig: Setting CVar [[r.SceneColorFringeQuality:1]]
[2020.11.01-23.38.10:799][  0]LogConfig: Setting CVar [[r.EyeAdaptationQuality:2]]
[2020.11.01-23.38.10:799][  0]LogConfig: Setting CVar [[r.BloomQuality:5]]
[2020.11.01-23.38.10:799][  0]LogConfig: Setting CVar [[r.FastBlurThreshold:100]]
[2020.11.01-23.38.10:799][  0]LogConfig: Setting CVar [[r.Upscale.Quality:3]]
[2020.11.01-23.38.10:799][  0]LogConfig: Setting CVar [[r.Tonemapper.GrainQuantization:1]]
[2020.11.01-23.38.10:799][  0]LogConfig: Setting CVar [[r.LightShaftQuality:1]]
[2020.11.01-23.38.10:799][  0]LogConfig: Setting CVar [[r.Filter.SizeScale:1]]
[2020.11.01-23.38.10:799][  0]LogConfig: Setting CVar [[r.Tonemapper.Quality:5]]
[2020.11.01-23.38.10:799][  0]LogConfig: Setting CVar [[r.DOF.Gather.AccumulatorQuality:1        ; higher gathering accumulator quality]]
[2020.11.01-23.38.10:799][  0]LogConfig: Setting CVar [[r.DOF.Gather.PostfilterMethod:1          ; Median3x3 postfilering method]]
[2020.11.01-23.38.10:799][  0]LogConfig: Setting CVar [[r.DOF.Gather.EnableBokehSettings:0       ; no bokeh simulation when gathering]]
[2020.11.01-23.38.10:799][  0]LogConfig: Setting CVar [[r.DOF.Gather.RingCount:4                 ; medium number of samples when gathering]]
[2020.11.01-23.38.10:799][  0]LogConfig: Setting CVar [[r.DOF.Scatter.ForegroundCompositing:1    ; additive foreground scattering]]
[2020.11.01-23.38.10:799][  0]LogConfig: Setting CVar [[r.DOF.Scatter.BackgroundCompositing:2    ; additive background scattering]]
[2020.11.01-23.38.10:799][  0]LogConfig: Setting CVar [[r.DOF.Scatter.EnableBokehSettings:1      ; bokeh simulation when scattering]]
[2020.11.01-23.38.10:799][  0]LogConfig: Setting CVar [[r.DOF.Scatter.MaxSpriteRatio:0.1         ; only a maximum of 10% of scattered bokeh]]
[2020.11.01-23.38.10:799][  0]LogConfig: Setting CVar [[r.DOF.Recombine.Quality:1                ; cheap slight out of focus]]
[2020.11.01-23.38.10:799][  0]LogConfig: Setting CVar [[r.DOF.Recombine.EnableBokehSettings:0    ; no bokeh simulation on slight out of focus]]
[2020.11.01-23.38.10:799][  0]LogConfig: Setting CVar [[r.DOF.TemporalAAQuality:1                ; more stable temporal accumulation]]
[2020.11.01-23.38.10:799][  0]LogConfig: Setting CVar [[r.DOF.Kernel.MaxForegroundRadius:0.025]]
[2020.11.01-23.38.10:799][  0]LogConfig: Setting CVar [[r.DOF.Kernel.MaxBackgroundRadius:0.025]]
[2020.11.01-23.38.10:799][  0]LogConfig: Applying CVar settings from Section [TextureQuality@3] File [C:/Users/jack/OneDrive/Documents/Unreal Projects/MatchTheDiffrence/MatchtheDiff/Saved/Config/Windows/Scalability.ini]
[2020.11.01-23.38.10:799][  0]LogConfig: Setting CVar [[r.Streaming.MipBias:0]]
[2020.11.01-23.38.10:799][  0]LogConfig: Setting CVar [[r.Streaming.AmortizeCPUToGPUCopy:0]]
[2020.11.01-23.38.10:799][  0]LogConfig: Setting CVar [[r.Streaming.MaxNumTexturesToStreamPerFrame:0]]
[2020.11.01-23.38.10:799][  0]LogConfig: Setting CVar [[r.Streaming.Boost:1]]
[2020.11.01-23.38.10:799][  0]LogConfig: Setting CVar [[r.MaxAnisotropy:8]]
[2020.11.01-23.38.10:799][  0]LogConfig: Setting CVar [[r.VT.MaxAnisotropy:8]]
[2020.11.01-23.38.10:799][  0]LogConfig: Setting CVar [[r.Streaming.LimitPoolSizeToVRAM:0]]
[2020.11.01-23.38.10:799][  0]LogConfig: Setting CVar [[r.Streaming.PoolSize:1000]]
[2020.11.01-23.38.10:799][  0]LogConfig: Setting CVar [[r.Streaming.MaxEffectiveScreenSize:0]]
[2020.11.01-23.38.10:799][  0]LogConfig: Applying CVar settings from Section [EffectsQuality@3] File [C:/Users/jack/OneDrive/Documents/Unreal Projects/MatchTheDiffrence/MatchtheDiff/Saved/Config/Windows/Scalability.ini]
[2020.11.01-23.38.10:799][  0]LogConfig: Setting CVar [[r.TranslucencyLightingVolumeDim:64]]
[2020.11.01-23.38.10:799][  0]LogConfig: Setting CVar [[r.RefractionQuality:2]]
[2020.11.01-23.38.10:799][  0]LogConfig: Setting CVar [[r.SSR.Quality:3]]
[2020.11.01-23.38.10:799][  0]LogConfig: Setting CVar [[r.SSR.HalfResSceneColor:0]]
[2020.11.01-23.38.10:799][  0]LogConfig: Setting CVar [[r.SceneColorFormat:4]]
[2020.11.01-23.38.10:799][  0]LogConfig: Setting CVar [[r.DetailMode:2]]
[2020.11.01-23.38.10:799][  0]LogConfig: Setting CVar [[r.TranslucencyVolumeBlur:1]]
[2020.11.01-23.38.10:799][  0]LogConfig: Setting CVar [[r.MaterialQualityLevel:1 ; High quality]]
[2020.11.01-23.38.10:799][  0]LogConfig: Setting CVar [[r.SSS.Scale:1]]
[2020.11.01-23.38.10:799][  0]LogConfig: Setting CVar [[r.SSS.SampleSet:2]]
[2020.11.01-23.38.10:799][  0]LogConfig: Setting CVar [[r.SSS.Quality:1]]
[2020.11.01-23.38.10:799][  0]LogConfig: Setting CVar [[r.SSS.HalfRes:0]]
[2020.11.01-23.38.10:799][  0]LogConfig: Setting CVar [[r.SSGI.Quality:3]]
[2020.11.01-23.38.10:799][  0]LogConfig: Setting CVar [[r.EmitterSpawnRateScale:1.0]]
[2020.11.01-23.38.10:799][  0]LogConfig: Setting CVar [[r.ParticleLightQuality:2]]
[2020.11.01-23.38.10:799][  0]LogConfig: Setting CVar [[r.SkyAtmosphere.AerialPerspectiveLUT.FastApplyOnOpaque:1 ; Always have FastSkyLUT 1 in this case to avoid wrong sky]]
[2020.11.01-23.38.10:799][  0]LogConfig: Setting CVar [[r.SkyAtmosphere.AerialPerspectiveLUT.SampleCountPerSlice:1]]
[2020.11.01-23.38.10:799][  0]LogConfig: Setting CVar [[r.SkyAtmosphere.AerialPerspectiveLUT.DepthResolution:16.0]]
[2020.11.01-23.38.10:799][  0]LogConfig: Setting CVar [[r.SkyAtmosphere.FastSkyLUT:1]]
[2020.11.01-23.38.10:799][  0]LogConfig: Setting CVar [[r.SkyAtmosphere.FastSkyLUT.SampleCountMin:4.0]]
[2020.11.01-23.38.10:799][  0]LogConfig: Setting CVar [[r.SkyAtmosphere.FastSkyLUT.SampleCountMax:32.0]]
[2020.11.01-23.38.10:799][  0]LogConfig: Setting CVar [[r.SkyAtmosphere.SampleCountMin:4.0]]
[2020.11.01-23.38.10:799][  0]LogConfig: Setting CVar [[r.SkyAtmosphere.SampleCountMax:32.0]]
[2020.11.01-23.38.10:799][  0]LogConfig: Setting CVar [[r.SkyAtmosphere.TransmittanceLUT.UseSmallFormat:0]]
[2020.11.01-23.38.10:799][  0]LogConfig: Setting CVar [[r.SkyAtmosphere.TransmittanceLUT.SampleCount:10.0]]
[2020.11.01-23.38.10:799][  0]LogConfig: Setting CVar [[r.SkyAtmosphere.MultiScatteringLUT.SampleCount:15.0]]
[2020.11.01-23.38.10:799][  0]LogConfig: Applying CVar settings from Section [FoliageQuality@3] File [C:/Users/jack/OneDrive/Documents/Unreal Projects/MatchTheDiffrence/MatchtheDiff/Saved/Config/Windows/Scalability.ini]
[2020.11.01-23.38.10:799][  0]LogConfig: Setting CVar [[foliage.DensityScale:1.0]]
[2020.11.01-23.38.10:799][  0]LogConfig: Setting CVar [[grass.DensityScale:1.0]]
[2020.11.01-23.38.10:799][  0]LogConfig: Applying CVar settings from Section [ShadingQuality@3] File [C:/Users/jack/OneDrive/Documents/Unreal Projects/MatchTheDiffrence/MatchtheDiff/Saved/Config/Windows/Scalability.ini]
[2020.11.01-23.38.10:799][  0]LogConfig: Setting CVar [[r.HairStrands.SkyLighting.SampleCount:16]]
[2020.11.01-23.38.10:799][  0]LogConfig: Setting CVar [[r.HairStrands.SkyLighting.JitterIntegration:0]]
[2020.11.01-23.38.10:799][  0]LogConfig: Setting CVar [[r.HairStrands.SkyAO.SampleCount:16]]
[2020.11.01-23.38.10:799][  0]LogConfig: Setting CVar [[r.HairStrands.DeepShadow.SuperSampling:0]]
[2020.11.01-23.38.10:799][  0]LogConfig: Setting CVar [[r.HairStrands.VisibilityPPLL:0]]
[2020.11.01-23.38.10:799][  0]LogConfig: Setting CVar [[r.HairStrands.RasterizationScale:0.5]]
[2020.11.01-23.38.10:799][  0]LogConfig: Setting CVar [[r.HairStrands.VelocityRasterizationScale:1]]
[2020.11.01-23.38.10:799][  0]LogInit: Selected Device Profile: [Windows]
[2020.11.01-23.38.10:799][  0]LogInit: Applying CVar settings loaded from the selected device profile: [Windows]
[2020.11.01-23.38.10:799][  0]LogHAL: Display: Platform has ~ 32 GB [34287710208 / 34359738368 / 32], which maps to Largest [LargestMinGB=32, LargerMinGB=12, DefaultMinGB=8, SmallerMinGB=6, SmallestMinGB=0)
[2020.11.01-23.38.10:800][  0]LogInit: Going up to parent DeviceProfile []
[2020.11.01-23.38.10:800][  0]LogConfig: Applying CVar settings from Section [ViewDistanceQuality@3] File [C:/Users/jack/OneDrive/Documents/Unreal Projects/MatchTheDiffrence/MatchtheDiff/Saved/Config/Windows/Scalability.ini]
[2020.11.01-23.38.10:800][  0]LogConfig: Setting CVar [[r.SkeletalMeshLODBias:0]]
[2020.11.01-23.38.10:800][  0]LogConfig: Setting CVar [[r.ViewDistanceScale:1.0]]
[2020.11.01-23.38.10:800][  0]LogConfig: Applying CVar settings from Section [AntiAliasingQuality@3] File [C:/Users/jack/OneDrive/Documents/Unreal Projects/MatchTheDiffrence/MatchtheDiff/Saved/Config/Windows/Scalability.ini]
[2020.11.01-23.38.10:800][  0]LogConfig: Setting CVar [[r.PostProcessAAQuality:4]]
[2020.11.01-23.38.10:800][  0]LogConfig: Applying CVar settings from Section [ShadowQuality@3] File [C:/Users/jack/OneDrive/Documents/Unreal Projects/MatchTheDiffrence/MatchtheDiff/Saved/Config/Windows/Scalability.ini]
[2020.11.01-23.38.10:800][  0]LogConfig: Setting CVar [[r.LightFunctionQuality:1]]
[2020.11.01-23.38.10:800][  0]LogConfig: Setting CVar [[r.ShadowQuality:5]]
[2020.11.01-23.38.10:800][  0]LogConfig: Setting CVar [[r.Shadow.CSM.MaxCascades:10]]
[2020.11.01-23.38.10:800][  0]LogConfig: Setting CVar [[r.Shadow.MaxResolution:2048]]
[2020.11.01-23.38.10:800][  0]LogConfig: Setting CVar [[r.Shadow.MaxCSMResolution:2048]]
[2020.11.01-23.38.10:800][  0]LogConfig: Setting CVar [[r.Shadow.RadiusThreshold:0.01]]
[2020.11.01-23.38.10:800][  0]LogConfig: Setting CVar [[r.Shadow.DistanceScale:1.0]]
[2020.11.01-23.38.10:800][  0]LogConfig: Setting CVar [[r.Shadow.CSM.TransitionScale:1.0]]
[2020.11.01-23.38.10:800][  0]LogConfig: Setting CVar [[r.Shadow.PreShadowResolutionFactor:1.0]]
[2020.11.01-23.38.10:800][  0]LogConfig: Setting CVar [[r.DistanceFieldShadowing:1]]
[2020.11.01-23.38.10:800][  0]LogConfig: Setting CVar [[r.DistanceFieldAO:1]]
[2020.11.01-23.38.10:800][  0]LogConfig: Setting CVar [[r.AOQuality:2]]
[2020.11.01-23.38.10:800][  0]LogConfig: Setting CVar [[r.VolumetricFog:1]]
[2020.11.01-23.38.10:800][  0]LogConfig: Setting CVar [[r.VolumetricFog.GridPixelSize:8]]
[2020.11.01-23.38.10:800][  0]LogConfig: Setting CVar [[r.VolumetricFog.GridSizeZ:128]]
[2020.11.01-23.38.10:800][  0]LogConfig: Setting CVar [[r.VolumetricFog.HistoryMissSupersampleCount:4]]
[2020.11.01-23.38.10:800][  0]LogConfig: Setting CVar [[r.LightMaxDrawDistanceScale:1]]
[2020.11.01-23.38.10:800][  0]LogConfig: Setting CVar [[r.CapsuleShadows:1]]
[2020.11.01-23.38.10:800][  0]LogConfig: Applying CVar settings from Section [PostProcessQuality@3] File [C:/Users/jack/OneDrive/Documents/Unreal Projects/MatchTheDiffrence/MatchtheDiff/Saved/Config/Windows/Scalability.ini]
[2020.11.01-23.38.10:800][  0]LogConfig: Setting CVar [[r.MotionBlurQuality:4]]
[2020.11.01-23.38.10:800][  0]LogConfig: Setting CVar [[r.AmbientOcclusionMipLevelFactor:0.4]]
[2020.11.01-23.38.10:800][  0]LogConfig: Setting CVar [[r.AmbientOcclusionMaxQuality:100]]
[2020.11.01-23.38.10:800][  0]LogConfig: Setting CVar [[r.AmbientOcclusionLevels:-1]]
[2020.11.01-23.38.10:800][  0]LogConfig: Setting CVar [[r.AmbientOcclusionRadiusScale:1.0]]
[2020.11.01-23.38.10:800][  0]LogConfig: Setting CVar [[r.DepthOfFieldQuality:2]]
[2020.11.01-23.38.10:800][  0]LogConfig: Setting CVar [[r.RenderTargetPoolMin:400]]
[2020.11.01-23.38.10:800][  0]LogConfig: Setting CVar [[r.LensFlareQuality:2]]
[2020.11.01-23.38.10:800][  0]LogConfig: Setting CVar [[r.SceneColorFringeQuality:1]]
[2020.11.01-23.38.10:800][  0]LogConfig: Setting CVar [[r.EyeAdaptationQuality:2]]
[2020.11.01-23.38.10:800][  0]LogConfig: Setting CVar [[r.BloomQuality:5]]
[2020.11.01-23.38.10:800][  0]LogConfig: Setting CVar [[r.FastBlurThreshold:100]]
[2020.11.01-23.38.10:800][  0]LogConfig: Setting CVar [[r.Upscale.Quality:3]]
[2020.11.01-23.38.10:800][  0]LogConfig: Setting CVar [[r.Tonemapper.GrainQuantization:1]]
[2020.11.01-23.38.10:800][  0]LogConfig: Setting CVar [[r.LightShaftQuality:1]]
[2020.11.01-23.38.10:800][  0]LogConfig: Setting CVar [[r.Filter.SizeScale:1]]
[2020.11.01-23.38.10:800][  0]LogConfig: Setting CVar [[r.Tonemapper.Quality:5]]
[2020.11.01-23.38.10:800][  0]LogConfig: Setting CVar [[r.DOF.Gather.AccumulatorQuality:1        ; higher gathering accumulator quality]]
[2020.11.01-23.38.10:800][  0]LogConfig: Setting CVar [[r.DOF.Gather.PostfilterMethod:1          ; Median3x3 postfilering method]]
[2020.11.01-23.38.10:800][  0]LogConfig: Setting CVar [[r.DOF.Gather.EnableBokehSettings:0       ; no bokeh simulation when gathering]]
[2020.11.01-23.38.10:800][  0]LogConfig: Setting CVar [[r.DOF.Gather.RingCount:4                 ; medium number of samples when gathering]]
[2020.11.01-23.38.10:800][  0]LogConfig: Setting CVar [[r.DOF.Scatter.ForegroundCompositing:1    ; additive foreground scattering]]
[2020.11.01-23.38.10:800][  0]LogConfig: Setting CVar [[r.DOF.Scatter.BackgroundCompositing:2    ; additive background scattering]]
[2020.11.01-23.38.10:800][  0]LogConfig: Setting CVar [[r.DOF.Scatter.EnableBokehSettings:1      ; bokeh simulation when scattering]]
[2020.11.01-23.38.10:800][  0]LogConfig: Setting CVar [[r.DOF.Scatter.MaxSpriteRatio:0.1         ; only a maximum of 10% of scattered bokeh]]
[2020.11.01-23.38.10:800][  0]LogConfig: Setting CVar [[r.DOF.Recombine.Quality:1                ; cheap slight out of focus]]
[2020.11.01-23.38.10:800][  0]LogConfig: Setting CVar [[r.DOF.Recombine.EnableBokehSettings:0    ; no bokeh simulation on slight out of focus]]
[2020.11.01-23.38.10:800][  0]LogConfig: Setting CVar [[r.DOF.TemporalAAQuality:1                ; more stable temporal accumulation]]
[2020.11.01-23.38.10:800][  0]LogConfig: Setting CVar [[r.DOF.Kernel.MaxForegroundRadius:0.025]]
[2020.11.01-23.38.10:800][  0]LogConfig: Setting CVar [[r.DOF.Kernel.MaxBackgroundRadius:0.025]]
[2020.11.01-23.38.10:800][  0]LogConfig: Applying CVar settings from Section [TextureQuality@3] File [C:/Users/jack/OneDrive/Documents/Unreal Projects/MatchTheDiffrence/MatchtheDiff/Saved/Config/Windows/Scalability.ini]
[2020.11.01-23.38.10:800][  0]LogConfig: Setting CVar [[r.Streaming.MipBias:0]]
[2020.11.01-23.38.10:800][  0]LogConfig: Setting CVar [[r.Streaming.AmortizeCPUToGPUCopy:0]]
[2020.11.01-23.38.10:800][  0]LogConfig: Setting CVar [[r.Streaming.MaxNumTexturesToStreamPerFrame:0]]
[2020.11.01-23.38.10:800][  0]LogConfig: Setting CVar [[r.Streaming.Boost:1]]
[2020.11.01-23.38.10:800][  0]LogConfig: Setting CVar [[r.MaxAnisotropy:8]]
[2020.11.01-23.38.10:800][  0]LogConfig: Setting CVar [[r.VT.MaxAnisotropy:8]]
[2020.11.01-23.38.10:800][  0]LogConfig: Setting CVar [[r.Streaming.LimitPoolSizeToVRAM:0]]
[2020.11.01-23.38.10:800][  0]LogConfig: Setting CVar [[r.Streaming.PoolSize:1000]]
[2020.11.01-23.38.10:800][  0]LogConfig: Setting CVar [[r.Streaming.MaxEffectiveScreenSize:0]]
[2020.11.01-23.38.10:800][  0]LogConfig: Applying CVar settings from Section [EffectsQuality@3] File [C:/Users/jack/OneDrive/Documents/Unreal Projects/MatchTheDiffrence/MatchtheDiff/Saved/Config/Windows/Scalability.ini]
[2020.11.01-23.38.10:800][  0]LogConfig: Setting CVar [[r.TranslucencyLightingVolumeDim:64]]
[2020.11.01-23.38.10:800][  0]LogConfig: Setting CVar [[r.RefractionQuality:2]]
[2020.11.01-23.38.10:800][  0]LogConfig: Setting CVar [[r.SSR.Quality:3]]
[2020.11.01-23.38.10:800][  0]LogConfig: Setting CVar [[r.SSR.HalfResSceneColor:0]]
[2020.11.01-23.38.10:800][  0]LogConfig: Setting CVar [[r.SceneColorFormat:4]]
[2020.11.01-23.38.10:800][  0]LogConfig: Setting CVar [[r.DetailMode:2]]
[2020.11.01-23.38.10:800][  0]LogConfig: Setting CVar [[r.TranslucencyVolumeBlur:1]]
[2020.11.01-23.38.10:800][  0]LogConfig: Setting CVar [[r.MaterialQualityLevel:1 ; High quality]]
[2020.11.01-23.38.10:800][  0]LogConfig: Setting CVar [[r.SSS.Scale:1]]
[2020.11.01-23.38.10:800][  0]LogConfig: Setting CVar [[r.SSS.SampleSet:2]]
[2020.11.01-23.38.10:800][  0]LogConfig: Setting CVar [[r.SSS.Quality:1]]
[2020.11.01-23.38.10:800][  0]LogConfig: Setting CVar [[r.SSS.HalfRes:0]]
[2020.11.01-23.38.10:800][  0]LogConfig: Setting CVar [[r.SSGI.Quality:3]]
[2020.11.01-23.38.10:800][  0]LogConfig: Setting CVar [[r.EmitterSpawnRateScale:1.0]]
[2020.11.01-23.38.10:800][  0]LogConfig: Setting CVar [[r.ParticleLightQuality:2]]
[2020.11.01-23.38.10:800][  0]LogConfig: Setting CVar [[r.SkyAtmosphere.AerialPerspectiveLUT.FastApplyOnOpaque:1 ; Always have FastSkyLUT 1 in this case to avoid wrong sky]]
[2020.11.01-23.38.10:800][  0]LogConfig: Setting CVar [[r.SkyAtmosphere.AerialPerspectiveLUT.SampleCountPerSlice:1]]
[2020.11.01-23.38.10:800][  0]LogConfig: Setting CVar [[r.SkyAtmosphere.AerialPerspectiveLUT.DepthResolution:16.0]]
[2020.11.01-23.38.10:800][  0]LogConfig: Setting CVar [[r.SkyAtmosphere.FastSkyLUT:1]]
[2020.11.01-23.38.10:800][  0]LogConfig: Setting CVar [[r.SkyAtmosphere.FastSkyLUT.SampleCountMin:4.0]]
[2020.11.01-23.38.10:800][  0]LogConfig: Setting CVar [[r.SkyAtmosphere.FastSkyLUT.SampleCountMax:32.0]]
[2020.11.01-23.38.10:800][  0]LogConfig: Setting CVar [[r.SkyAtmosphere.SampleCountMin:4.0]]
[2020.11.01-23.38.10:800][  0]LogConfig: Setting CVar [[r.SkyAtmosphere.SampleCountMax:32.0]]
[2020.11.01-23.38.10:800][  0]LogConfig: Setting CVar [[r.SkyAtmosphere.TransmittanceLUT.UseSmallFormat:0]]
[2020.11.01-23.38.10:800][  0]LogConfig: Setting CVar [[r.SkyAtmosphere.TransmittanceLUT.SampleCount:10.0]]
[2020.11.01-23.38.10:800][  0]LogConfig: Setting CVar [[r.SkyAtmosphere.MultiScatteringLUT.SampleCount:15.0]]
[2020.11.01-23.38.10:800][  0]LogConfig: Applying CVar settings from Section [FoliageQuality@3] File [C:/Users/jack/OneDrive/Documents/Unreal Projects/MatchTheDiffrence/MatchtheDiff/Saved/Config/Windows/Scalability.ini]
[2020.11.01-23.38.10:800][  0]LogConfig: Setting CVar [[foliage.DensityScale:1.0]]
[2020.11.01-23.38.10:800][  0]LogConfig: Setting CVar [[grass.DensityScale:1.0]]
[2020.11.01-23.38.10:800][  0]LogConfig: Applying CVar settings from Section [ShadingQuality@3] File [C:/Users/jack/OneDrive/Documents/Unreal Projects/MatchTheDiffrence/MatchtheDiff/Saved/Config/Windows/Scalability.ini]
[2020.11.01-23.38.10:800][  0]LogConfig: Setting CVar [[r.HairStrands.SkyLighting.SampleCount:16]]
[2020.11.01-23.38.10:800][  0]LogConfig: Setting CVar [[r.HairStrands.SkyLighting.JitterIntegration:0]]
[2020.11.01-23.38.10:800][  0]LogConfig: Setting CVar [[r.HairStrands.SkyAO.SampleCount:16]]
[2020.11.01-23.38.10:800][  0]LogConfig: Setting CVar [[r.HairStrands.DeepShadow.SuperSampling:0]]
[2020.11.01-23.38.10:800][  0]LogConfig: Setting CVar [[r.HairStrands.VisibilityPPLL:0]]
[2020.11.01-23.38.10:800][  0]LogConfig: Setting CVar [[r.HairStrands.RasterizationScale:0.5]]
[2020.11.01-23.38.10:800][  0]LogConfig: Setting CVar [[r.HairStrands.VelocityRasterizationScale:1]]
[2020.11.01-23.38.10:800][  0]LogConfig: Applying CVar settings from Section [Startup] File [../../../Engine/Config/ConsoleVariables.ini]
[2020.11.01-23.38.10:801][  0]LogConfig: Setting CVar [[net.UseAdaptiveNetUpdateFrequency:0]]
[2020.11.01-23.38.10:801][  0]LogConfig: Setting CVar [[p.chaos.AllowCreatePhysxBodies:1]]
[2020.11.01-23.38.10:801][  0]LogConfig: Setting CVar [[fx.SkipVectorVMBackendOptimizations:1]]
[2020.11.01-23.38.10:801][  0]LogConfig: Applying CVar settings from Section [ConsoleVariables] File [C:/Users/jack/OneDrive/Documents/Unreal Projects/MatchTheDiffrence/MatchtheDiff/Saved/Config/Windows/Engine.ini]
[2020.11.01-23.38.10:801][  0]LogInit: Computer: FIERYELUCIDATOR
[2020.11.01-23.38.10:801][  0]LogInit: User: jack
[2020.11.01-23.38.10:801][  0]LogInit: CPU Page size=4096, Cores=8
[2020.11.01-23.38.10:801][  0]LogInit: High frequency timer resolution =10.000000 MHz
[2020.11.01-23.38.10:801][  0]LogMemory: Memory total: Physical=31.9GB (32GB approx)
[2020.11.01-23.38.10:801][  0]LogMemory: Platform Memory Stats for Windows
[2020.11.01-23.38.10:801][  0]LogMemory: Process Physical Memory: 115.85 MB used, 115.85 MB peak
[2020.11.01-23.38.10:801][  0]LogMemory: Process Virtual Memory: 100.22 MB used, 100.22 MB peak
[2020.11.01-23.38.10:801][  0]LogMemory: Physical Memory: 11417.01 MB used,  21282.30 MB free, 32699.31 MB total
[2020.11.01-23.38.10:801][  0]LogMemory: Virtual Memory: 5186.95 MB used,  134212544.00 MB free, 134217728.00 MB total
[2020.11.01-23.38.10:805][  0]LogWindows: WindowsPlatformFeatures enabled
[2020.11.01-23.38.10:827][  0]LogInit: Physics initialised using underlying interface: PhysX
[2020.11.01-23.38.10:828][  0]LogInit: Using OS detected language (en-US).
[2020.11.01-23.38.10:828][  0]LogInit: Using OS detected locale (en-US).
[2020.11.01-23.38.10:830][  0]LogTextLocalizationManager: No specific localization for 'en-US' exists, so the 'en' localization will be used.
[2020.11.01-23.38.10:951][  0]LogInit: Setting process to per monitor DPI aware
[2020.11.01-23.38.10:969][  0]LogSlate: New Slate User Created.  User Index 0, Is Virtual User: 0
[2020.11.01-23.38.10:969][  0]LogSlate: Slate User Registered.  User Index 0, Is Virtual User: 0
[2020.11.01-23.38.11:065][  0]LogHMD: Failed to initialize OpenVR with code 110
[2020.11.01-23.38.11:065][  0]LogD3D11RHI: D3D11 min allowed feature level: 11_0
[2020.11.01-23.38.11:065][  0]LogD3D11RHI: D3D11 max allowed feature level: 11_0
[2020.11.01-23.38.11:065][  0]LogD3D11RHI: D3D11 adapters:
[2020.11.01-23.38.11:128][  0]LogD3D11RHI:    0. 'NVIDIA GeForce RTX 2070 SUPER' (Feature Level 11_0)
[2020.11.01-23.38.11:128][  0]LogD3D11RHI:       8011/0/16349 MB DedicatedVideo/DedicatedSystem/SharedSystem, Outputs:2, VendorId:0x10de
[2020.11.01-23.38.11:131][  0]LogD3D11RHI:    1. 'Microsoft Basic Render Driver' (Feature Level 11_0)
[2020.11.01-23.38.11:131][  0]LogD3D11RHI:       0/0/16349 MB DedicatedVideo/DedicatedSystem/SharedSystem, Outputs:0, VendorId:0x1414
[2020.11.01-23.38.11:131][  0]LogD3D11RHI: Chosen D3D11 Adapter: 0
[2020.11.01-23.38.11:138][  0]LogD3D11RHI: Creating new Direct3DDevice
[2020.11.01-23.38.11:138][  0]LogD3D11RHI:     GPU DeviceId: 0x1e84 (for the marketing name, search the web for "GPU Device Id")
[2020.11.01-23.38.11:138][  0]LogWindows: EnumDisplayDevices:
[2020.11.01-23.38.11:138][  0]LogWindows:    0. 'NVIDIA GeForce RTX 2070 SUPER' (P:0 D:1)
[2020.11.01-23.38.11:139][  0]LogWindows:    1. 'NVIDIA GeForce RTX 2070 SUPER' (P:1 D:1)
[2020.11.01-23.38.11:139][  0]LogWindows:    2. 'NVIDIA GeForce RTX 2070 SUPER' (P:0 D:0)
[2020.11.01-23.38.11:139][  0]LogWindows:    3. 'NVIDIA GeForce RTX 2070 SUPER' (P:0 D:0)
[2020.11.01-23.38.11:139][  0]LogWindows: DebugString: FoundDriverCount:4 
[2020.11.01-23.38.11:139][  0]LogD3D11RHI:     Adapter Name: NVIDIA GeForce RTX 2070 SUPER
[2020.11.01-23.38.11:139][  0]LogD3D11RHI:   Driver Version: 451.67 (internal:27.21.14.5167, unified:451.67)
[2020.11.01-23.38.11:139][  0]LogD3D11RHI:      Driver Date: 7-5-2020
[2020.11.01-23.38.11:139][  0]LogRHI: Texture pool is 5607 MB (70% of 8011 MB)
[2020.11.01-23.38.11:172][  0]LogD3D11RHI: RHI has support for 64 bit atomics
[2020.11.01-23.38.11:174][  0]LogD3D11RHI: [Aftermath] Enabled and primed
[2020.11.01-23.38.11:174][  0]LogD3D11RHI: Async texture creation enabled
[2020.11.01-23.38.11:174][  0]LogD3D11RHI: Array index from any shader is supported
[2020.11.01-23.38.11:187][  0]LogD3D11RHI: GPU Timing Frequency: 1000.000000 (Debug: 2 1)
[2020.11.01-23.38.11:395][  0]LogTargetPlatformManager: Display: Loaded TargetPlatform 'AllDesktop'
[2020.11.01-23.38.11:411][  0]LogTargetPlatformManager: Display: Loaded TargetPlatform 'Android'
[2020.11.01-23.38.11:411][  0]LogTargetPlatformManager: Display: Loaded TargetPlatform 'Android_ASTC'
[2020.11.01-23.38.11:411][  0]LogTargetPlatformManager: Display: Loaded TargetPlatform 'Android_DXT'
[2020.11.01-23.38.11:411][  0]LogTargetPlatformManager: Display: Loaded TargetPlatform 'Android_ETC2'
[2020.11.01-23.38.11:411][  0]LogTargetPlatformManager: Display: Loaded TargetPlatform 'AndroidClient'
[2020.11.01-23.38.11:411][  0]LogTargetPlatformManager: Display: Loaded TargetPlatform 'Android_ASTCClient'
[2020.11.01-23.38.11:411][  0]LogTargetPlatformManager: Display: Loaded TargetPlatform 'Android_DXTClient'
[2020.11.01-23.38.11:411][  0]LogTargetPlatformManager: Display: Loaded TargetPlatform 'Android_ETC2Client'
[2020.11.01-23.38.11:411][  0]LogTargetPlatformManager: Display: Loaded TargetPlatform 'Android_Multi'
[2020.11.01-23.38.11:411][  0]LogTargetPlatformManager: Display: Loaded TargetPlatform 'Android_MultiClient'
[2020.11.01-23.38.11:428][  0]LogTargetPlatformManager: Display: Loaded TargetPlatform 'IOSClient'
[2020.11.01-23.38.11:428][  0]LogTargetPlatformManager: Display: Loaded TargetPlatform 'IOS'
[2020.11.01-23.38.11:435][  0]LogTargetPlatformManager: Display: Loaded TargetPlatform 'Linux'
[2020.11.01-23.38.11:442][  0]LogTargetPlatformManager: Display: Loaded TargetPlatform 'LinuxNoEditor'
[2020.11.01-23.38.11:449][  0]LogTargetPlatformManager: Display: Loaded TargetPlatform 'LinuxClient'
[2020.11.01-23.38.11:455][  0]LogTargetPlatformManager: Display: Loaded TargetPlatform 'LinuxServer'
[2020.11.01-23.38.11:462][  0]LogTargetPlatformManager: Display: Loaded TargetPlatform 'LinuxAArch64NoEditor'
[2020.11.01-23.38.11:469][  0]LogTargetPlatformManager: Display: Loaded TargetPlatform 'LinuxAArch64Client'
[2020.11.01-23.38.11:475][  0]LogTargetPlatformManager: Display: Loaded TargetPlatform 'LinuxAArch64Server'
[2020.11.01-23.38.11:495][  0]LogTargetPlatformManager: Display: Loaded TargetPlatform 'Lumin'
[2020.11.01-23.38.11:495][  0]LogTargetPlatformManager: Display: Loaded TargetPlatform 'LuminClient'
[2020.11.01-23.38.11:506][  0]LogTargetPlatformManager: Display: Loaded TargetPlatform 'TVOSClient'
[2020.11.01-23.38.11:506][  0]LogTargetPlatformManager: Display: Loaded TargetPlatform 'TVOS'
[2020.11.01-23.38.11:513][  0]LogTargetPlatformManager: Display: Loaded TargetPlatform 'WindowsNoEditor'
[2020.11.01-23.38.11:520][  0]LogTargetPlatformManager: Display: Loaded TargetPlatform 'Windows'
[2020.11.01-23.38.11:527][  0]LogTargetPlatformManager: Display: Loaded TargetPlatform 'WindowsClient'
[2020.11.01-23.38.11:533][  0]LogTargetPlatformManager: Display: Loaded TargetPlatform 'WindowsServer'
[2020.11.01-23.38.11:533][  0]LogTargetPlatformManager: Display: Building Assets For Windows
[2020.11.01-23.38.11:538][  0]LogAudioDebug: Display: Lib vorbis DLL was dynamically loaded.
[2020.11.01-23.38.11:580][  0]LogShaderCompilers: Guid format shader working directory is -50 characters bigger than the processId version (../../../../../../Users/jack/OneDrive/Documents/Unreal Projects/MatchTheDiffrence/MatchtheDiff/Intermediate/Shaders/WorkingDirectory/12796/).
[2020.11.01-23.38.11:581][  0]LogShaderCompilers: Cleaned the shader compiler working directory 'C:/Users/jack/AppData/Local/Temp/UnrealShaderWorkingDir/FFF93D5949B059E318DFAE90E977DB60/'.
[2020.11.01-23.38.11:581][  0]LogXGEController: Cannot use XGE Controller as Incredibuild is not installed on this machine.
[2020.11.01-23.38.11:581][  0]LogShaderCompilers: Cannot use XGE Shader Compiler as Incredibuild is not installed on this machine.
[2020.11.01-23.38.11:581][  0]LogShaderCompilers: Display: Using Local Shader Compiler.
[2020.11.01-23.38.12:155][  0]LogDerivedDataCache: Display: Max Cache Size: 512 MB
[2020.11.01-23.38.12:194][  0]LogDerivedDataCache: Loaded boot cache 0.04s 76MB C:/Users/jack/AppData/Local/UnrealEngine/4.25/DerivedDataCache/Boot.ddc.
[2020.11.01-23.38.12:194][  0]LogDerivedDataCache: Display: Loaded Boot cache: C:/Users/jack/AppData/Local/UnrealEngine/4.25/DerivedDataCache/Boot.ddc
[2020.11.01-23.38.12:194][  0]LogDerivedDataCache: FDerivedDataBackendGraph:  Pak pak cache file ../../../../../../Users/jack/OneDrive/Documents/Unreal Projects/MatchTheDiffrence/MatchtheDiff/DerivedDataCache/DDC.ddp not found, will not use a pak cache.
[2020.11.01-23.38.12:194][  0]LogDerivedDataCache: Unable to find inner node Pak for hierarchical cache Hierarchy.
[2020.11.01-23.38.12:194][  0]LogDerivedDataCache: FDerivedDataBackendGraph:  CompressedPak pak cache file ../../../../../../Users/jack/OneDrive/Documents/Unreal Projects/MatchTheDiffrence/MatchtheDiff/DerivedDataCache/Compressed.ddp not found, will not use a pak cache.
[2020.11.01-23.38.12:195][  0]LogDerivedDataCache: Unable to find inner node CompressedPak for hierarchical cache Hierarchy.
[2020.11.01-23.38.12:202][  0]LogDerivedDataCache: Display: Pak cache opened for reading ../../../Engine/DerivedDataCache/Compressed.ddp.
[2020.11.01-23.38.12:202][  0]LogDerivedDataCache: FDerivedDataBackendGraph:  EnterprisePak pak cache file ../../../Enterprise/DerivedDataCache/Compressed.ddp not found, will not use a pak cache.
[2020.11.01-23.38.12:202][  0]LogDerivedDataCache: Unable to find inner node EnterprisePak for hierarchical cache Hierarchy.
[2020.11.01-23.38.12:203][  0]LogDerivedDataCache: Using Local data cache path C:/Users/jack/AppData/Local/UnrealEngine/Common/DerivedDataCache: Writable
[2020.11.01-23.38.12:203][  0]LogDerivedDataCache: Shared data cache path not found in *engine.ini, will not use an Shared cache.
[2020.11.01-23.38.12:203][  0]LogDerivedDataCache: Unable to find inner node Shared for hierarchical cache Hierarchy.
[2020.11.01-23.38.12:241][  0]LogSlate: Using FreeType 2.10.0
[2020.11.01-23.38.12:241][  0]LogSlate: SlateFontServices - WITH_FREETYPE: 1, WITH_HARFBUZZ: 1
[2020.11.01-23.38.12:260][  0]LogAssetRegistry: FAssetRegistry took 0.0020 seconds to start up
[2020.11.01-23.38.12:428][  0]LogInit: Selected Device Profile: [Windows]
[2020.11.01-23.38.12:510][  0]LogMeshReduction: Using QuadricMeshReduction for automatic static mesh reduction
[2020.11.01-23.38.12:510][  0]LogMeshReduction: Using SimplygonMeshReduction for automatic skeletal mesh reduction
[2020.11.01-23.38.12:510][  0]LogMeshReduction: Using ProxyLODMeshReduction for automatic mesh merging
[2020.11.01-23.38.12:510][  0]LogMeshReduction: No distributed automatic mesh merging module available
[2020.11.01-23.38.12:510][  0]LogMeshMerging: No distributed automatic mesh merging module available
[2020.11.01-23.38.12:520][  0]LogNetVersion: MatchtheDiff 1.0.0, NetCL: 13144385, EngineNetVer: 14, GameNetVer: 0 (Checksum: 4245211849)
[2020.11.01-23.38.12:820][  0]LogAISub: UAISubsystem::UAISubsystem AISubsystem (000001ECBACDC340), frame # 0
[2020.11.01-23.38.12:820][  0]LogAISub: UAISubsystem::UAISubsystem AIPerceptionSystem (000001ECBAC58A40), frame # 0
[2020.11.01-23.38.12:821][  0]LogAISub: UAISubsystem::UAISubsystem EnvQueryManager (000001ECBAC75E00), frame # 0
[2020.11.01-23.38.12:849][  0]LogPackageLocalizationCache: Processed 19 localized package path(s) for 1 prioritized culture(s) in 0.023593 seconds
[2020.11.01-23.38.12:853][  0]LogUObjectArray: 15917 objects as part of root set at end of initial load.
[2020.11.01-23.38.12:853][  0]LogUObjectAllocator: 3965568 out of 0 bytes used by permanent object pool.
[2020.11.01-23.38.12:853][  0]LogUObjectArray: CloseDisregardForGC: 0/0 objects in disregard for GC pool
[2020.11.01-23.38.13:092][  0]LogTcpMessaging: Initializing TcpMessaging bridge
[2020.11.01-23.38.13:095][  0]LogUdpMessaging: Initializing bridge on interface 0.0.0.0:0 to multicast group 230.0.0.1:6666.
[2020.11.01-23.38.13:154][  0]SourceControl: Source control is disabled
[2020.11.01-23.38.13:154][  0]SourceControl: Source control is disabled
[2020.11.01-23.38.13:156][  0]SourceControl: Source control is disabled
[2020.11.01-23.38.13:158][  0]SourceControl: Source control is disabled
[2020.11.01-23.38.13:163][  0]SourceControl: Source control is disabled
[2020.11.01-23.38.13:333][  0]LogAndroidPermission: UAndroidPermissionCallbackProxy::GetInstance
[2020.11.01-23.38.13:346][  0]LogAudioCaptureCore: Display: No Audio Capture implementations found. Audio input will be silent.
[2020.11.01-23.38.13:346][  0]LogAudioCaptureCore: Display: No Audio Capture implementations found. Audio input will be silent.
[2020.11.01-23.38.13:381][  0]LogOcInput: OculusInput pre-init called
[2020.11.01-23.38.13:388][  0]LogWindows: Failed to load 'OVRPlugin.dll' (GetLastError=126)
[2020.11.01-23.38.13:388][  0]LogWindows: File 'OVRPlugin.dll' does not exist
[2020.11.01-23.38.13:432][  0]LogEngine: Initializing Engine...
[2020.11.01-23.38.13:433][  0]LogHMD: Failed to initialize OpenVR with code 110
[2020.11.01-23.38.13:433][  0]LogMagicLeap: Warning: VR disabled because ZI is not enabled.  To enable, in the editor, Edit -> Project Settings -> Plugins -> Magic Leap Plugin -> Enable Zero Iteration
[2020.11.01-23.38.13:433][  0]LogStats: UGameplayTagsManager::InitializeManager -  0.000 s
[2020.11.01-23.38.13:520][  0]LogInit: Initializing FReadOnlyCVARCache
[2020.11.01-23.38.13:527][  0]LogAIModule: Creating AISystem for world Untitled
[2020.11.01-23.38.13:527][  0]LogAISub: UAISubsystem::UAISubsystem EnvQueryManager (000001ECC32BFC00), frame # 0
[2020.11.01-23.38.13:527][  0]LogAISub: UAISubsystem::UAISubsystem AIPerceptionSystem (000001ECC3355E40), frame # 0
[2020.11.01-23.38.13:537][  0]LogAudioMixer: Display: Audio Mixer Platform Settings:
[2020.11.01-23.38.13:537][  0]LogAudioMixer: Display: 	Sample Rate:						  48000
[2020.11.01-23.38.13:537][  0]LogAudioMixer: Display: 	Callback Buffer Frame Size Requested: 1024
[2020.11.01-23.38.13:537][  0]LogAudioMixer: Display: 	Callback Buffer Frame Size To Use:	  1024
[2020.11.01-23.38.13:537][  0]LogAudioMixer: Display: 	Number of buffers to queue:			  2
[2020.11.01-23.38.13:537][  0]LogAudioMixer: Display: 	Max Channels (voices):				  32
[2020.11.01-23.38.13:537][  0]LogAudioMixer: Display: 	Number of Async Source Workers:		  0
[2020.11.01-23.38.13:537][  0]LogAudio: Display: AudioDevice MaxSources: 32
[2020.11.01-23.38.13:537][  0]LogAudio: Display: Using built-in audio occlusion.
[2020.11.01-23.38.13:537][  0]LogAudioMixer: Display: Initializing audio mixer.
[2020.11.01-23.38.13:545][  0]LogAudioMixer: Display: 0: FrontLeft
[2020.11.01-23.38.13:545][  0]LogAudioMixer: Display: 1: FrontRight
[2020.11.01-23.38.13:572][  0]LogAudioMixer: Display: Using Audio Device Speakers (Realtek(R) Audio)
[2020.11.01-23.38.13:573][  0]LogAudioMixer: Display: Initializing Sound Submixes...
[2020.11.01-23.38.13:575][  0]LogAudioMixer: Display: Creating Master Submix 'MasterSubmixDefault'
[2020.11.01-23.38.13:575][  0]LogAudioMixer: Display: Creating Master Submix 'MasterReverbSubmixDefault'
[2020.11.01-23.38.13:575][  0]LogAudioMixer: Display: Creating Master Submix 'MasterEQSubmixDefault'
[2020.11.01-23.38.13:576][  0]LogInit: FAudioDevice initialized.
[2020.11.01-23.38.13:576][  0]LogNetVersion: Set ProjectVersion to 1.0.0.0. Version Checksum will be recalculated on next use.
[2020.11.01-23.38.13:639][  0]LogDerivedDataCache: Saved boot cache 0.06s 76MB C:/Users/jack/AppData/Local/UnrealEngine/4.25/DerivedDataCache/Boot.ddc.
[2020.11.01-23.38.13:642][  0]LogInit: Texture streaming: Enabled
[2020.11.01-23.38.13:653][  0]LogEngineSessionManager: EngineSessionManager initialized
[2020.11.01-23.38.13:653][  0]LogEditorSessionSummary: Verbose: Initializing EditorSessionSummaryWriter for editor session tracking
[2020.11.01-23.38.13:654][  0]LogEditorSessionSummary: EditorSessionSummaryWriter initialized
[2020.11.01-23.38.13:682][  0]LogInit: Transaction tracking system initialized
[2020.11.01-23.38.13:698][  0]BlueprintLog: New page: Editor Load
[2020.11.01-23.38.13:744][  0]LocalizationService: Localization service is disabled
[2020.11.01-23.38.13:847][  0]LogCook: Display: Max memory allowance for cook 16384mb min free memory 0mb
[2020.11.01-23.38.13:847][  0]LogCook: Display: Mobile HDR setting 1
[2020.11.01-23.38.13:940][  0]LogFileCache: Scanning file cache for directory 'C:/Users/jack/OneDrive/Documents/Unreal Projects/MatchTheDiffrence/MatchtheDiff/Content/' took 0.01s
[2020.11.01-23.38.14:087][  0]SourceControl: Source control is disabled
[2020.11.01-23.38.14:088][  0]LogUnrealEdMisc: Loading editor; pre map load, took 4.322
[2020.11.01-23.38.14:088][  0]LightingResults: New page: Lighting Build
[2020.11.01-23.38.14:089][  0]LogWorld: UWorld::CleanupWorld for Untitled, bSessionEnded=true, bCleanupResources=true
[2020.11.01-23.38.14:089][  0]LogSlate: InvalidateAllWidgets triggered.  All widgets were invalidated
[2020.11.01-23.38.14:089][  0]MapCheck: New page: Map Check
[2020.11.01-23.38.14:089][  0]LightingResults: New page: Lighting Build
[2020.11.01-23.38.14:098][  0]LogAISub: UAISubsystem::~UAISubsystem EnvQueryManager (000001ECC32BFC00), frame # 0
[2020.11.01-23.38.14:098][  0]LogAISub: UAISubsystem::~UAISubsystem AIPerceptionSystem (000001ECC3355E40), frame # 0
[2020.11.01-23.38.14:098][  0]LogUObjectHash: Compacting FUObjectHashTables data took   0.48ms
[2020.11.01-23.38.14:308][  0]LogAIModule: Creating AISystem for world FirstPersonExampleMap
[2020.11.01-23.38.14:309][  0]LogAISub: UAISubsystem::UAISubsystem EnvQueryManager (000001ECB3A15A00), frame # 0
[2020.11.01-23.38.14:309][  0]LogAISub: UAISubsystem::UAISubsystem AIPerceptionSystem (000001ECB3A8DBC0), frame # 0
[2020.11.01-23.38.14:319][  0]LogEditorServer: Finished looking for orphan Actors (0.000 secs)
[2020.11.01-23.38.14:330][  0]LogUObjectHash: Compacting FUObjectHashTables data took   0.64ms
[2020.11.01-23.38.14:331][  0]Cmd: MAP CHECKDEP NOCLEARLOG
[2020.11.01-23.38.14:331][  0]MapCheck: Map check complete: 0 Error(s), 0 Warning(s), took 0.12ms to complete.
[2020.11.01-23.38.14:331][  0]LogFileHelpers: Loading map 'FirstPersonExampleMap' took 0.243
[2020.11.01-23.38.14:332][  0]LogUnrealEdMisc: Total Editor Startup Time, took 4.567
[2020.11.01-23.38.14:435][  0]LogSlate: Updating window title bar state: overlay mode, drag disabled, window buttons hidden, title bar hidden
[2020.11.01-23.38.14:439][  0]LogSlate: Updating window title bar state: overlay mode, drag disabled, window buttons hidden, title bar hidden
[2020.11.01-23.38.14:444][  0]LogSlate: Updating window title bar state: overlay mode, drag disabled, window buttons hidden, title bar hidden
[2020.11.01-23.38.14:450][  0]LogSlate: Updating window title bar state: overlay mode, drag disabled, window buttons hidden, title bar hidden
[2020.11.01-23.38.14:455][  0]LogCollectionManager: Loaded 0 collections in 0.001105 seconds
[2020.11.01-23.38.14:464][  0]LogFileCache: Scanning file cache for directory 'C:/Users/jack/OneDrive/Documents/Unreal Projects/MatchTheDiffrence/MatchtheDiff/Saved/Collections/' took 0.00s
[2020.11.01-23.38.14:464][  0]LogFileCache: Scanning file cache for directory 'C:/Users/jack/OneDrive/Documents/Unreal Projects/MatchTheDiffrence/MatchtheDiff/Content/Developers/jack/Collections/' took 0.00s
[2020.11.01-23.38.14:464][  0]LogFileCache: Scanning file cache for directory 'C:/Users/jack/OneDrive/Documents/Unreal Projects/MatchTheDiffrence/MatchtheDiff/Content/Collections/' took 0.00s
[2020.11.01-23.38.14:464][  0]LogContentBrowser: Native class hierarchy populated in 0.0066 seconds. Added 3427 classes and 821 folders.
[2020.11.01-23.38.14:465][  0]LogContentBrowser: Native class hierarchy updated for 'WidgetCarousel' in 0.0002 seconds. Added 0 classes and 0 folders.
[2020.11.01-23.38.14:500][  0]LogContentBrowser: Native class hierarchy updated for 'AddContentDialog' in 0.0002 seconds. Added 0 classes and 0 folders.
[2020.11.01-23.38.14:501][  0]LogContentBrowser: Native class hierarchy updated for 'SceneOutliner' in 0.0002 seconds. Added 2 classes and 0 folders.
[2020.11.01-23.38.14:810][  0]LogSlate: Took 0.000129 seconds to synchronously load lazily loaded font '../../../Engine/Content/Slate/Fonts/Roboto-Regular.ttf' (155K)
[2020.11.01-23.38.14:811][  0]LogSlate: Took 0.000101 seconds to synchronously load lazily loaded font '../../../Engine/Content/Slate/Fonts/Roboto-Bold.ttf' (160K)
[2020.11.01-23.38.14:814][  0]LogSlate: Took 0.000127 seconds to synchronously load lazily loaded font '../../../Engine/Content/Editor/Slate/Fonts/FontAwesome.ttf' (139K)
[2020.11.01-23.38.14:872][  0]LogRenderer: Reallocating scene render targets to support 1156x600 Format 10 NumSamples 1 (Frame:1).
[2020.11.01-23.38.14:933][  0]LogContentBrowser: Native class hierarchy updated for 'HierarchicalLODOutliner' in 0.0002 seconds. Added 0 classes and 0 folders.
[2020.11.01-23.38.14:933][  0]LogLoad: (Engine Initialization) Total time: 5.17 seconds
[2020.11.01-23.38.14:933][  0]LogLoad: (Engine Initialization) Total Blueprint compile time: 0.00 seconds
[2020.11.01-23.38.15:032][  0]LogAssetRegistry: Asset discovery search completed in 2.7728 seconds
[2020.11.01-23.38.15:035][  0]LogCollectionManager: Fixed up redirectors for 0 collections in 0.000001 seconds (updated 0 objects)
[2020.11.01-23.38.15:036][  0]LogContentStreaming: Texture pool size now 1000 MB
[2020.11.01-23.38.15:055][  0]LogSlate: Took 0.000120 seconds to synchronously load lazily loaded font '../../../Engine/Content/Slate/Fonts/Roboto-Light.ttf' (167K)
[2020.11.01-23.38.45:060][260]LogSlate: Took 0.000145 seconds to synchronously load lazily loaded font '../../../Engine/Content/Slate/Fonts/Roboto-Light.ttf' (167K)
[2020.11.01-23.38.45:085][260]LogAssetEditorSubsystem: Opening Asset editor for Blueprint /Game/FirstPersonBP/MYblueprints/boxPillarPuzzleS.boxPillarPuzzleS
[2020.11.01-23.38.45:262][260]LogContentBrowser: Native class hierarchy updated for 'BlueprintGraph' in 0.0004 seconds. Added 125 classes and 0 folders.
[2020.11.01-23.38.45:945][260]LogSlate: Took 0.000130 seconds to synchronously load lazily loaded font '../../../Engine/Content/Slate/Fonts/Roboto-BoldCondensed.ttf' (158K)
[2020.11.01-23.38.45:983][261]LogSlate: Took 0.001223 seconds to synchronously load lazily loaded font '../../../Engine/Content/Slate/Fonts/Roboto-Italic.ttf' (157K)
[2020.11.01-23.39.23:022][483]BlueprintLog: New page: Compile boxPillarPuzzleS
[2020.11.01-23.39.23:060][483]LogUObjectHash: Compacting FUObjectHashTables data took   1.85ms
[2020.11.01-23.39.26:214][837]LogTemp: Repeating last play command: Selected Viewport
[2020.11.01-23.39.26:221][837]LogPlayLevel: PlayLevel: No blueprints needed recompiling
[2020.11.01-23.39.26:222][837]PIE: New page: PIE session: FirstPersonExampleMap (Nov 1, 2020, 1:39:26 PM)
[2020.11.01-23.39.26:222][837]LogOnline: OSS: Creating online subsystem instance for: NULL
[2020.11.01-23.39.26:223][837]LogOnline: OSS: TryLoadSubsystemAndSetDefault: Loaded subsystem for module [NULL]
[2020.11.01-23.39.26:223][837]LogPlayLevel: Creating play world package: /Game/FirstPersonBP/Maps/UEDPIE_0_FirstPersonExampleMap
[2020.11.01-23.39.26:234][837]LogPlayLevel: PIE: StaticDuplicateObject took: (0.010757s)
[2020.11.01-23.39.26:235][837]LogAIModule: Creating AISystem for world FirstPersonExampleMap
[2020.11.01-23.39.26:235][837]LogAISub: UAISubsystem::UAISubsystem EnvQueryManager (000001ED14858800), frame # 6837
[2020.11.01-23.39.26:235][837]LogAISub: UAISubsystem::UAISubsystem AIPerceptionSystem (000001ECAEA6B380), frame # 6837
[2020.11.01-23.39.26:235][837]LogPlayLevel: PIE: World Init took: (0.000930s)
[2020.11.01-23.39.26:235][837]LogPlayLevel: PIE: Created PIE world by copying editor world from /Game/FirstPersonBP/Maps/FirstPersonExampleMap.FirstPersonExampleMap to /Game/FirstPersonBP/Maps/UEDPIE_0_FirstPersonExampleMap.FirstPersonExampleMap (0.011798s)
[2020.11.01-23.39.26:255][837]LogUObjectHash: Compacting FUObjectHashTables data took   1.63ms
[2020.11.01-23.39.26:256][837]LogAudioMixer: Display: Audio Mixer Platform Settings:
[2020.11.01-23.39.26:256][837]LogAudioMixer: Display: 	Sample Rate:						  48000
[2020.11.01-23.39.26:256][837]LogAudioMixer: Display: 	Callback Buffer Frame Size Requested: 1024
[2020.11.01-23.39.26:256][837]LogAudioMixer: Display: 	Callback Buffer Frame Size To Use:	  1024
[2020.11.01-23.39.26:256][837]LogAudioMixer: Display: 	Number of buffers to queue:			  2
[2020.11.01-23.39.26:256][837]LogAudioMixer: Display: 	Max Channels (voices):				  32
[2020.11.01-23.39.26:256][837]LogAudioMixer: Display: 	Number of Async Source Workers:		  0
[2020.11.01-23.39.26:256][837]LogAudio: Display: AudioDevice MaxSources: 32
[2020.11.01-23.39.26:256][837]LogAudio: Display: Using built-in audio occlusion.
[2020.11.01-23.39.26:256][837]LogAudioMixer: Display: Initializing audio mixer.
[2020.11.01-23.39.26:259][837]LogAudioMixer: Display: 0: FrontLeft
[2020.11.01-23.39.26:259][837]LogAudioMixer: Display: 1: FrontRight
[2020.11.01-23.39.26:273][837]LogAudioMixer: Display: Using Audio Device Speakers (Realtek(R) Audio)
[2020.11.01-23.39.26:273][837]LogAudioMixer: Display: Initializing Sound Submixes...
[2020.11.01-23.39.26:273][837]LogAudioMixer: Display: Creating Master Submix 'MasterSubmixDefault'
[2020.11.01-23.39.26:273][837]LogAudioMixer: Display: Creating Master Submix 'MasterReverbSubmixDefault'
[2020.11.01-23.39.26:273][837]LogAudioMixer: Display: Creating Master Submix 'MasterEQSubmixDefault'
[2020.11.01-23.39.26:283][837]LogInit: FAudioDevice initialized.
[2020.11.01-23.39.26:291][837]LogLoad: Game class is 'FirstPersonGameMode_C'
[2020.11.01-23.39.26:293][837]LogWorld: Bringing World /Game/FirstPersonBP/Maps/UEDPIE_0_FirstPersonExampleMap.FirstPersonExampleMap up for play (max tick rate 0) at 2020.11.01-18.39.26
[2020.11.01-23.39.26:293][837]LogWorld: Bringing up level for play took: 0.001324
[2020.11.01-23.39.26:293][837]LogOnline: OSS: Creating online subsystem instance for: :Context_5
[2020.11.01-23.39.26:303][837]LogContentBrowser: Native class hierarchy updated for 'MovieSceneCapture' in 0.0002 seconds. Added 20 classes and 0 folders.
[2020.11.01-23.39.26:304][837]PIE: Server logged in
[2020.11.01-23.39.26:305][837]PIE: Play in editor total start time 0.084 seconds.
[2020.11.01-23.39.31:041][366]LogSlate: Updating window title bar state: overlay mode, drag disabled, window buttons hidden, title bar hidden
[2020.11.01-23.39.31:041][366]LogWorld: BeginTearingDown for /Game/FirstPersonBP/Maps/UEDPIE_0_FirstPersonExampleMap
[2020.11.01-23.39.31:042][366]LogWorld: UWorld::CleanupWorld for FirstPersonExampleMap, bSessionEnded=true, bCleanupResources=true
[2020.11.01-23.39.31:043][366]LogSlate: InvalidateAllWidgets triggered.  All widgets were invalidated
[2020.11.01-23.39.31:062][366]LogPlayLevel: Display: Shutting down PIE online subsystems
[2020.11.01-23.39.31:068][366]LogSlate: InvalidateAllWidgets triggered.  All widgets were invalidated
[2020.11.01-23.39.31:110][366]LogSlate: Updating window title bar state: overlay mode, drag disabled, window buttons hidden, title bar hidden
[2020.11.01-23.39.31:111][366]LogAISub: UAISubsystem::~UAISubsystem AIPerceptionSystem (000001ECAEA6B380), frame # 7366
[2020.11.01-23.39.31:111][366]LogAISub: UAISubsystem::~UAISubsystem EnvQueryManager (000001ED14858800), frame # 7366
[2020.11.01-23.39.31:125][366]LogUObjectHash: Compacting FUObjectHashTables data took   2.34ms
[2020.11.01-23.39.31:154][367]LogPlayLevel: Display: Destroying online subsystem :Context_5
[2020.11.01-23.39.34:491][741]LogEditorViewport: Clicking on Actor (LMB): boxPillarPuzzleS_C (boxPillarPuzzleS)
[2020.11.01-23.39.57:938][383]LogAssetEditorSubsystem: Opening Asset editor for Blueprint /Game/FirstPersonBP/MYblueprints/boxPillarPuzzleB.boxPillarPuzzleB
[2020.11.01-23.40.18:635][580]BlueprintLog: New page: Compile boxPillarPuzzleB
[2020.11.01-23.40.18:676][580]LogUObjectHash: Compacting FUObjectHashTables data took   2.27ms
[2020.11.01-23.40.20:529][740]LogTemp: Repeating last play command: Selected Viewport
[2020.11.01-23.40.20:535][740]LogPlayLevel: PlayLevel: No blueprints needed recompiling
[2020.11.01-23.40.20:535][740]PIE: New page: PIE session: FirstPersonExampleMap (Nov 1, 2020, 1:40:20 PM)
[2020.11.01-23.40.20:569][740]LogPlayLevel: Creating play world package: /Game/FirstPersonBP/Maps/UEDPIE_0_FirstPersonExampleMap
[2020.11.01-23.40.20:577][740]LogPlayLevel: PIE: StaticDuplicateObject took: (0.007851s)
[2020.11.01-23.40.20:578][740]LogAIModule: Creating AISystem for world FirstPersonExampleMap
[2020.11.01-23.40.20:578][740]LogAISub: UAISubsystem::UAISubsystem EnvQueryManager (000001ECF6FE4600), frame # 12740
[2020.11.01-23.40.20:578][740]LogAISub: UAISubsystem::UAISubsystem AIPerceptionSystem (000001ED13BEA980), frame # 12740
[2020.11.01-23.40.20:578][740]LogPlayLevel: PIE: World Init took: (0.000941s)
[2020.11.01-23.40.20:578][740]LogPlayLevel: PIE: Created PIE world by copying editor world from /Game/FirstPersonBP/Maps/FirstPersonExampleMap.FirstPersonExampleMap to /Game/FirstPersonBP/Maps/UEDPIE_0_FirstPersonExampleMap.FirstPersonExampleMap (0.008964s)
[2020.11.01-23.40.20:603][740]LogUObjectHash: Compacting FUObjectHashTables data took   2.43ms
[2020.11.01-23.40.20:604][740]LogAudioMixer: Display: Audio Mixer Platform Settings:
[2020.11.01-23.40.20:604][740]LogAudioMixer: Display: 	Sample Rate:						  48000
[2020.11.01-23.40.20:604][740]LogAudioMixer: Display: 	Callback Buffer Frame Size Requested: 1024
[2020.11.01-23.40.20:604][740]LogAudioMixer: Display: 	Callback Buffer Frame Size To Use:	  1024
[2020.11.01-23.40.20:604][740]LogAudioMixer: Display: 	Number of buffers to queue:			  2
[2020.11.01-23.40.20:604][740]LogAudioMixer: Display: 	Max Channels (voices):				  32
[2020.11.01-23.40.20:604][740]LogAudioMixer: Display: 	Number of Async Source Workers:		  0
[2020.11.01-23.40.20:604][740]LogAudio: Display: AudioDevice MaxSources: 32
[2020.11.01-23.40.20:605][740]LogAudio: Display: Using built-in audio occlusion.
[2020.11.01-23.40.20:605][740]LogAudioMixer: Display: Initializing audio mixer.
[2020.11.01-23.40.20:607][740]LogAudioMixer: Display: 0: FrontLeft
[2020.11.01-23.40.20:607][740]LogAudioMixer: Display: 1: FrontRight
[2020.11.01-23.40.20:621][740]LogAudioMixer: Display: Using Audio Device Speakers (Realtek(R) Audio)
[2020.11.01-23.40.20:621][740]LogAudioMixer: Display: Initializing Sound Submixes...
[2020.11.01-23.40.20:621][740]LogAudioMixer: Display: Creating Master Submix 'MasterSubmixDefault'
[2020.11.01-23.40.20:621][740]LogAudioMixer: Display: Creating Master Submix 'MasterReverbSubmixDefault'
[2020.11.01-23.40.20:621][740]LogAudioMixer: Display: Creating Master Submix 'MasterEQSubmixDefault'
[2020.11.01-23.40.20:631][740]LogInit: FAudioDevice initialized.
[2020.11.01-23.40.20:640][740]LogLoad: Game class is 'FirstPersonGameMode_C'
[2020.11.01-23.40.20:642][740]LogWorld: Bringing World /Game/FirstPersonBP/Maps/UEDPIE_0_FirstPersonExampleMap.FirstPersonExampleMap up for play (max tick rate 0) at 2020.11.01-18.40.20
[2020.11.01-23.40.20:642][740]LogWorld: Bringing up level for play took: 0.001279
[2020.11.01-23.40.20:642][740]LogOnline: OSS: Creating online subsystem instance for: :Context_7
[2020.11.01-23.40.20:643][740]PIE: Server logged in
[2020.11.01-23.40.20:644][740]PIE: Play in editor total start time 0.109 seconds.
[2020.11.01-23.40.24:181][ 92]LogSlate: Updating window title bar state: overlay mode, drag disabled, window buttons hidden, title bar hidden
[2020.11.01-23.40.24:181][ 92]LogWorld: BeginTearingDown for /Game/FirstPersonBP/Maps/UEDPIE_0_FirstPersonExampleMap
[2020.11.01-23.40.24:182][ 92]LogWorld: UWorld::CleanupWorld for FirstPersonExampleMap, bSessionEnded=true, bCleanupResources=true
[2020.11.01-23.40.24:182][ 92]LogSlate: InvalidateAllWidgets triggered.  All widgets were invalidated
[2020.11.01-23.40.24:192][ 92]LogPlayLevel: Display: Shutting down PIE online subsystems
[2020.11.01-23.40.24:197][ 92]LogSlate: InvalidateAllWidgets triggered.  All widgets were invalidated
[2020.11.01-23.40.24:234][ 92]LogSlate: Updating window title bar state: overlay mode, drag disabled, window buttons hidden, title bar hidden
[2020.11.01-23.40.24:235][ 92]LogAISub: UAISubsystem::~UAISubsystem AIPerceptionSystem (000001ED13BEA980), frame # 13092
[2020.11.01-23.40.24:235][ 92]LogAISub: UAISubsystem::~UAISubsystem EnvQueryManager (000001ECF6FE4600), frame # 13092
[2020.11.01-23.40.24:237][ 92]LogUObjectHash: Compacting FUObjectHashTables data took   1.75ms
[2020.11.01-23.40.24:263][ 93]LogPlayLevel: Display: Destroying online subsystem :Context_7
[2020.11.01-23.40.47:675][ 98]LogRenderer: Reallocating scene render targets to support 1156x916 Format 10 NumSamples 1 (Frame:1).
[2020.11.01-23.43.16:549][554]BlueprintLog: New page: Compile boxPillarPuzzleS
[2020.11.01-23.43.16:590][554]LogUObjectHash: Compacting FUObjectHashTables data took   2.15ms
[2020.11.01-23.43.48:188][ 69]BlueprintLog: New page: Compile boxPillarPuzzleS
[2020.11.01-23.43.48:229][ 69]LogUObjectHash: Compacting FUObjectHashTables data took   2.74ms
[2020.11.01-23.43.49:623][208]LogTemp: Repeating last play command: Selected Viewport
[2020.11.01-23.43.49:630][208]LogPlayLevel: PlayLevel: No blueprints needed recompiling
[2020.11.01-23.43.49:630][208]PIE: New page: PIE session: FirstPersonExampleMap (Nov 1, 2020, 1:43:49 PM)
[2020.11.01-23.43.49:630][208]LogPlayLevel: Creating play world package: /Game/FirstPersonBP/Maps/UEDPIE_0_FirstPersonExampleMap
[2020.11.01-23.43.49:638][208]LogPlayLevel: PIE: StaticDuplicateObject took: (0.007956s)
[2020.11.01-23.43.49:639][208]LogAIModule: Creating AISystem for world FirstPersonExampleMap
[2020.11.01-23.43.49:639][208]LogAISub: UAISubsystem::UAISubsystem EnvQueryManager (000001ED12875000), frame # 23208
[2020.11.01-23.43.49:639][208]LogAISub: UAISubsystem::UAISubsystem AIPerceptionSystem (000001ECF693ED40), frame # 23208
[2020.11.01-23.43.49:639][208]LogPlayLevel: PIE: World Init took: (0.001051s)
[2020.11.01-23.43.49:639][208]LogPlayLevel: PIE: Created PIE world by copying editor world from /Game/FirstPersonBP/Maps/FirstPersonExampleMap.FirstPersonExampleMap to /Game/FirstPersonBP/Maps/UEDPIE_0_FirstPersonExampleMap.FirstPersonExampleMap (0.009178s)
[2020.11.01-23.43.49:666][208]LogUObjectHash: Compacting FUObjectHashTables data took   2.30ms
[2020.11.01-23.43.49:667][208]LogAudioMixer: Display: Audio Mixer Platform Settings:
[2020.11.01-23.43.49:667][208]LogAudioMixer: Display: 	Sample Rate:						  48000
[2020.11.01-23.43.49:667][208]LogAudioMixer: Display: 	Callback Buffer Frame Size Requested: 1024
[2020.11.01-23.43.49:667][208]LogAudioMixer: Display: 	Callback Buffer Frame Size To Use:	  1024
[2020.11.01-23.43.49:667][208]LogAudioMixer: Display: 	Number of buffers to queue:			  2
[2020.11.01-23.43.49:667][208]LogAudioMixer: Display: 	Max Channels (voices):				  32
[2020.11.01-23.43.49:667][208]LogAudioMixer: Display: 	Number of Async Source Workers:		  0
[2020.11.01-23.43.49:667][208]LogAudio: Display: AudioDevice MaxSources: 32
[2020.11.01-23.43.49:667][208]LogAudio: Display: Using built-in audio occlusion.
[2020.11.01-23.43.49:667][208]LogAudioMixer: Display: Initializing audio mixer.
[2020.11.01-23.43.49:670][208]LogAudioMixer: Display: 0: FrontLeft
[2020.11.01-23.43.49:670][208]LogAudioMixer: Display: 1: FrontRight
[2020.11.01-23.43.49:685][208]LogAudioMixer: Display: Using Audio Device Speakers (Realtek(R) Audio)
[2020.11.01-23.43.49:685][208]LogAudioMixer: Display: Initializing Sound Submixes...
[2020.11.01-23.43.49:685][208]LogAudioMixer: Display: Creating Master Submix 'MasterSubmixDefault'
[2020.11.01-23.43.49:685][208]LogAudioMixer: Display: Creating Master Submix 'MasterReverbSubmixDefault'
[2020.11.01-23.43.49:686][208]LogAudioMixer: Display: Creating Master Submix 'MasterEQSubmixDefault'
[2020.11.01-23.43.49:695][208]LogInit: FAudioDevice initialized.
[2020.11.01-23.43.49:700][208]LogLoad: Game class is 'FirstPersonGameMode_C'
[2020.11.01-23.43.49:702][208]LogWorld: Bringing World /Game/FirstPersonBP/Maps/UEDPIE_0_FirstPersonExampleMap.FirstPersonExampleMap up for play (max tick rate 0) at 2020.11.01-18.43.49
[2020.11.01-23.43.49:702][208]LogWorld: Bringing up level for play took: 0.001300
[2020.11.01-23.43.49:702][208]LogOnline: OSS: Creating online subsystem instance for: :Context_9
[2020.11.01-23.43.49:704][208]PIE: Server logged in
[2020.11.01-23.43.49:704][208]PIE: Play in editor total start time 0.075 seconds.
[2020.11.01-23.43.55:429][880]LogSlate: Updating window title bar state: overlay mode, drag disabled, window buttons hidden, title bar hidden
[2020.11.01-23.43.55:429][880]LogWorld: BeginTearingDown for /Game/FirstPersonBP/Maps/UEDPIE_0_FirstPersonExampleMap
[2020.11.01-23.43.55:429][880]LogWorld: UWorld::CleanupWorld for FirstPersonExampleMap, bSessionEnded=true, bCleanupResources=true
[2020.11.01-23.43.55:429][880]LogSlate: InvalidateAllWidgets triggered.  All widgets were invalidated
[2020.11.01-23.43.55:440][880]LogPlayLevel: Display: Shutting down PIE online subsystems
[2020.11.01-23.43.55:444][880]LogSlate: InvalidateAllWidgets triggered.  All widgets were invalidated
[2020.11.01-23.43.55:477][880]LogSlate: Updating window title bar state: overlay mode, drag disabled, window buttons hidden, title bar hidden
[2020.11.01-23.43.55:477][880]LogAISub: UAISubsystem::~UAISubsystem AIPerceptionSystem (000001ECF693ED40), frame # 23880
[2020.11.01-23.43.55:477][880]LogAISub: UAISubsystem::~UAISubsystem EnvQueryManager (000001ED12875000), frame # 23880
[2020.11.01-23.43.55:480][880]LogUObjectHash: Compacting FUObjectHashTables data took   1.86ms
[2020.11.01-23.43.55:530][881]LogPlayLevel: Display: Destroying online subsystem :Context_9
[2020.11.01-23.44.16:908][332]LogEditorViewport: Clicking on Actor (LMB): StaticMeshActor (Floor)
[2020.11.01-23.44.33:119][240]LogEditorViewport: Clicking on Actor (LMB): boxPillarPuzzleS_C (boxPillarPuzzleS)
[2020.11.01-23.44.36:895][676]LogEditorViewport: Clicking on Actor (LMB): boxPillarPuzzleB_C (boxPillarPuzzleB)
[2020.11.01-23.44.41:159][171]LogEditorViewport: Clicking on Actor (LMB): boxPillarPuzzleS_C (boxPillarPuzzleS)
[2020.11.01-23.44.42:454][324]LogEditorViewport: Clicking on Actor (LMB): boxPillarPuzzleB_C (boxPillarPuzzleB)
[2020.11.01-23.44.43:849][489]LogEditorViewport: Clicking on Actor (LMB): boxPillarPuzzleS_C (boxPillarPuzzleS)
[2020.11.01-23.44.45:076][634]LogEditorViewport: Clicking on Actor (LMB): StaticMeshActor (Wall4)
[2020.11.01-23.44.45:938][734]LogEditorViewport: Clicking on Actor (LMB): StaticMeshActor (Wall4)
[2020.11.01-23.44.46:569][808]LogEditorViewport: Clicking on Actor (LMB): boxPillarPuzzleB_C (boxPillarPuzzleB)
[2020.11.01-23.45.23:011][130]LogEditorViewport: Clicking on Actor (LMB): boxPillarPuzzleS_C (boxPillarPuzzleS)
[2020.11.01-23.45.30:283][999]LogEditorViewport: Clicking on Actor (LMB): boxPillarPuzzleS_C (boxPillarPuzzleS)
[2020.11.01-23.45.31:382][129]LogEditorViewport: Clicking on Actor (LMB): boxPillarPuzzleB_C (boxPillarPuzzleB)
[2020.11.01-23.45.37:603][862]LogEditorViewport: Clicking on Actor (LMB): boxPillarPuzzleS_C (boxPillarPuzzleS)
[2020.11.01-23.45.43:743][574]LogEditorViewport: Clicking on Actor (LMB): boxPillarPuzzleS_C (boxPillarPuzzleS)
[2020.11.01-23.45.45:656][802]LogEditorViewport: Clicking on Actor (LMB): boxPillarPuzzleB_C (boxPillarPuzzleB)
[2020.11.01-23.45.47:955][ 76]LogEditorViewport: Clicking on Actor (LMB): boxPillarPuzzleS_C (boxPillarPuzzleS)
[2020.11.01-23.45.49:017][201]LogEditorViewport: Clicking on Actor (LMB): boxPillarPuzzleS_C (boxPillarPuzzleS)
[2020.11.01-23.45.49:887][304]LogEditorViewport: Clicking on Actor (LMB): boxPillarPuzzleB_C (boxPillarPuzzleB)
[2020.11.01-23.46.27:400][751]LogEditorViewport: Clicking on Actor (LMB): boxPillarPuzzleS_C (boxPillarPuzzleS)
[2020.11.01-23.46.34:100][515]LogEditorViewport: Clicking on Actor (LMB): boxPillarPuzzleS_C (boxPillarPuzzleS)
[2020.11.01-23.46.34:878][607]LogEditorViewport: Clicking on Actor (LMB): boxPillarPuzzleS_C (boxPillarPuzzleS)
[2020.11.01-23.46.36:408][789]LogEditorViewport: Clicking on Actor (LMB): boxPillarPuzzleB_C (boxPillarPuzzleB)
[2020.11.01-23.46.43:241][585]BlueprintLog: New page: Compile boxPillarPuzzleS
[2020.11.01-23.46.43:284][585]LogUObjectHash: Compacting FUObjectHashTables data took   2.14ms
[2020.11.01-23.46.44:509][711]LogTemp: Repeating last play command: Selected Viewport
[2020.11.01-23.46.44:517][711]LogPlayLevel: PlayLevel: No blueprints needed recompiling
[2020.11.01-23.46.44:517][711]PIE: New page: PIE session: FirstPersonExampleMap (Nov 1, 2020, 1:46:44 PM)
[2020.11.01-23.46.44:547][711]LogPlayLevel: Creating play world package: /Game/FirstPersonBP/Maps/UEDPIE_0_FirstPersonExampleMap
[2020.11.01-23.46.44:556][711]LogPlayLevel: PIE: StaticDuplicateObject took: (0.009031s)
[2020.11.01-23.46.44:557][711]LogAIModule: Creating AISystem for world FirstPersonExampleMap
[2020.11.01-23.46.44:557][711]LogAISub: UAISubsystem::UAISubsystem EnvQueryManager (000001ECCED15C00), frame # 43711
[2020.11.01-23.46.44:557][711]LogAISub: UAISubsystem::UAISubsystem AIPerceptionSystem (000001ECFD6B6840), frame # 43711
[2020.11.01-23.46.44:557][711]LogPlayLevel: PIE: World Init took: (0.001021s)
[2020.11.01-23.46.44:557][711]LogPlayLevel: PIE: Created PIE world by copying editor world from /Game/FirstPersonBP/Maps/FirstPersonExampleMap.FirstPersonExampleMap to /Game/FirstPersonBP/Maps/UEDPIE_0_FirstPersonExampleMap.FirstPersonExampleMap (0.010209s)
[2020.11.01-23.46.44:582][711]LogUObjectHash: Compacting FUObjectHashTables data took   2.31ms
[2020.11.01-23.46.44:583][711]LogAudioMixer: Display: Audio Mixer Platform Settings:
[2020.11.01-23.46.44:583][711]LogAudioMixer: Display: 	Sample Rate:						  48000
[2020.11.01-23.46.44:583][711]LogAudioMixer: Display: 	Callback Buffer Frame Size Requested: 1024
[2020.11.01-23.46.44:583][711]LogAudioMixer: Display: 	Callback Buffer Frame Size To Use:	  1024
[2020.11.01-23.46.44:583][711]LogAudioMixer: Display: 	Number of buffers to queue:			  2
[2020.11.01-23.46.44:583][711]LogAudioMixer: Display: 	Max Channels (voices):				  32
[2020.11.01-23.46.44:583][711]LogAudioMixer: Display: 	Number of Async Source Workers:		  0
[2020.11.01-23.46.44:583][711]LogAudio: Display: AudioDevice MaxSources: 32
[2020.11.01-23.46.44:584][711]LogAudio: Display: Using built-in audio occlusion.
[2020.11.01-23.46.44:584][711]LogAudioMixer: Display: Initializing audio mixer.
[2020.11.01-23.46.44:586][711]LogAudioMixer: Display: 0: FrontLeft
[2020.11.01-23.46.44:586][711]LogAudioMixer: Display: 1: FrontRight
[2020.11.01-23.46.44:601][711]LogAudioMixer: Display: Using Audio Device Speakers (Realtek(R) Audio)
[2020.11.01-23.46.44:601][711]LogAudioMixer: Display: Initializing Sound Submixes...
[2020.11.01-23.46.44:601][711]LogAudioMixer: Display: Creating Master Submix 'MasterSubmixDefault'
[2020.11.01-23.46.44:601][711]LogAudioMixer: Display: Creating Master Submix 'MasterReverbSubmixDefault'
[2020.11.01-23.46.44:602][711]LogAudioMixer: Display: Creating Master Submix 'MasterEQSubmixDefault'
[2020.11.01-23.46.44:611][711]LogInit: FAudioDevice initialized.
[2020.11.01-23.46.44:619][711]LogLoad: Game class is 'FirstPersonGameMode_C'
[2020.11.01-23.46.44:621][711]LogWorld: Bringing World /Game/FirstPersonBP/Maps/UEDPIE_0_FirstPersonExampleMap.FirstPersonExampleMap up for play (max tick rate 0) at 2020.11.01-18.46.44
[2020.11.01-23.46.44:621][711]LogWorld: Bringing up level for play took: 0.001440
[2020.11.01-23.46.44:621][711]LogOnline: OSS: Creating online subsystem instance for: :Context_10
[2020.11.01-23.46.44:623][711]PIE: Server logged in
[2020.11.01-23.46.44:624][711]PIE: Play in editor total start time 0.107 seconds.
[2020.11.01-23.46.57:008][189]LogSlate: Updating window title bar state: overlay mode, drag disabled, window buttons hidden, title bar hidden
[2020.11.01-23.46.57:008][189]LogWorld: BeginTearingDown for /Game/FirstPersonBP/Maps/UEDPIE_0_FirstPersonExampleMap
[2020.11.01-23.46.57:008][189]LogWorld: UWorld::CleanupWorld for FirstPersonExampleMap, bSessionEnded=true, bCleanupResources=true
[2020.11.01-23.46.57:008][189]LogSlate: InvalidateAllWidgets triggered.  All widgets were invalidated
[2020.11.01-23.46.57:019][189]LogPlayLevel: Display: Shutting down PIE online subsystems
[2020.11.01-23.46.57:022][189]LogSlate: InvalidateAllWidgets triggered.  All widgets were invalidated
[2020.11.01-23.46.57:057][189]LogSlate: Updating window title bar state: overlay mode, drag disabled, window buttons hidden, title bar hidden
[2020.11.01-23.46.57:058][189]LogAISub: UAISubsystem::~UAISubsystem AIPerceptionSystem (000001ECFD6B6840), frame # 45189
[2020.11.01-23.46.57:058][189]LogAISub: UAISubsystem::~UAISubsystem EnvQueryManager (000001ECCED15C00), frame # 45189
[2020.11.01-23.46.57:060][189]LogUObjectHash: Compacting FUObjectHashTables data took   1.87ms
[2020.11.01-23.46.57:093][190]LogPlayLevel: Display: Destroying online subsystem :Context_10
[2020.11.01-23.46.59:193][440]LogEditorViewport: Clicking on Actor (LMB): boxPillarPuzzleB_C (boxPillarPuzzleB)
[2020.11.01-23.47.18:635][743]BlueprintLog: New page: Compile boxPillarPuzzleS
[2020.11.01-23.47.18:675][743]LogUObjectHash: Compacting FUObjectHashTables data took   2.22ms
[2020.11.01-23.47.22:850][206]LogTemp: Repeating last play command: Selected Viewport
[2020.11.01-23.47.22:856][206]LogPlayLevel: PlayLevel: No blueprints needed recompiling
[2020.11.01-23.47.22:857][206]PIE: New page: PIE session: FirstPersonExampleMap (Nov 1, 2020, 1:47:22 PM)
[2020.11.01-23.47.22:887][206]LogPlayLevel: Creating play world package: /Game/FirstPersonBP/Maps/UEDPIE_0_FirstPersonExampleMap
[2020.11.01-23.47.22:896][206]LogPlayLevel: PIE: StaticDuplicateObject took: (0.008525s)
[2020.11.01-23.47.22:897][206]LogAIModule: Creating AISystem for world FirstPersonExampleMap
[2020.11.01-23.47.22:897][206]LogAISub: UAISubsystem::UAISubsystem EnvQueryManager (000001ECF7258C00), frame # 48206
[2020.11.01-23.47.22:897][206]LogAISub: UAISubsystem::UAISubsystem AIPerceptionSystem (000001ECFD6B7C40), frame # 48206
[2020.11.01-23.47.22:897][206]LogPlayLevel: PIE: World Init took: (0.000883s)
[2020.11.01-23.47.22:897][206]LogPlayLevel: PIE: Created PIE world by copying editor world from /Game/FirstPersonBP/Maps/FirstPersonExampleMap.FirstPersonExampleMap to /Game/FirstPersonBP/Maps/UEDPIE_0_FirstPersonExampleMap.FirstPersonExampleMap (0.009542s)
[2020.11.01-23.47.22:922][206]LogUObjectHash: Compacting FUObjectHashTables data took   2.35ms
[2020.11.01-23.47.22:923][206]LogAudioMixer: Display: Audio Mixer Platform Settings:
[2020.11.01-23.47.22:924][206]LogAudioMixer: Display: 	Sample Rate:						  48000
[2020.11.01-23.47.22:924][206]LogAudioMixer: Display: 	Callback Buffer Frame Size Requested: 1024
[2020.11.01-23.47.22:924][206]LogAudioMixer: Display: 	Callback Buffer Frame Size To Use:	  1024
[2020.11.01-23.47.22:924][206]LogAudioMixer: Display: 	Number of buffers to queue:			  2
[2020.11.01-23.47.22:924][206]LogAudioMixer: Display: 	Max Channels (voices):				  32
[2020.11.01-23.47.22:924][206]LogAudioMixer: Display: 	Number of Async Source Workers:		  0
[2020.11.01-23.47.22:924][206]LogAudio: Display: AudioDevice MaxSources: 32
[2020.11.01-23.47.22:924][206]LogAudio: Display: Using built-in audio occlusion.
[2020.11.01-23.47.22:924][206]LogAudioMixer: Display: Initializing audio mixer.
[2020.11.01-23.47.22:926][206]LogAudioMixer: Display: 0: FrontLeft
[2020.11.01-23.47.22:926][206]LogAudioMixer: Display: 1: FrontRight
[2020.11.01-23.47.22:941][206]LogAudioMixer: Display: Using Audio Device Speakers (Realtek(R) Audio)
[2020.11.01-23.47.22:941][206]LogAudioMixer: Display: Initializing Sound Submixes...
[2020.11.01-23.47.22:941][206]LogAudioMixer: Display: Creating Master Submix 'MasterSubmixDefault'
[2020.11.01-23.47.22:941][206]LogAudioMixer: Display: Creating Master Submix 'MasterReverbSubmixDefault'
[2020.11.01-23.47.22:941][206]LogAudioMixer: Display: Creating Master Submix 'MasterEQSubmixDefault'
[2020.11.01-23.47.22:951][206]LogInit: FAudioDevice initialized.
[2020.11.01-23.47.22:957][206]LogLoad: Game class is 'FirstPersonGameMode_C'
[2020.11.01-23.47.22:959][206]LogWorld: Bringing World /Game/FirstPersonBP/Maps/UEDPIE_0_FirstPersonExampleMap.FirstPersonExampleMap up for play (max tick rate 0) at 2020.11.01-18.47.22
[2020.11.01-23.47.22:959][206]LogWorld: Bringing up level for play took: 0.001574
[2020.11.01-23.47.22:959][206]LogOnline: OSS: Creating online subsystem instance for: :Context_11
[2020.11.01-23.47.22:961][206]PIE: Server logged in
[2020.11.01-23.47.22:962][206]PIE: Play in editor total start time 0.105 seconds.
[2020.11.01-23.47.33:709][484]LogSlate: Updating window title bar state: overlay mode, drag disabled, window buttons hidden, title bar hidden
[2020.11.01-23.47.33:709][484]LogWorld: BeginTearingDown for /Game/FirstPersonBP/Maps/UEDPIE_0_FirstPersonExampleMap
[2020.11.01-23.47.33:709][484]LogWorld: UWorld::CleanupWorld for FirstPersonExampleMap, bSessionEnded=true, bCleanupResources=true
[2020.11.01-23.47.33:710][484]LogSlate: InvalidateAllWidgets triggered.  All widgets were invalidated
[2020.11.01-23.47.33:722][484]LogPlayLevel: Display: Shutting down PIE online subsystems
[2020.11.01-23.47.33:728][484]LogSlate: InvalidateAllWidgets triggered.  All widgets were invalidated
[2020.11.01-23.47.33:768][484]LogSlate: Updating window title bar state: overlay mode, drag disabled, window buttons hidden, title bar hidden
[2020.11.01-23.47.33:769][484]LogAISub: UAISubsystem::~UAISubsystem AIPerceptionSystem (000001ECFD6B7C40), frame # 49484
[2020.11.01-23.47.33:769][484]LogAISub: UAISubsystem::~UAISubsystem EnvQueryManager (000001ECF7258C00), frame # 49484
[2020.11.01-23.47.33:771][484]LogUObjectHash: Compacting FUObjectHashTables data took   1.93ms
[2020.11.01-23.47.33:804][485]LogPlayLevel: Display: Destroying online subsystem :Context_11
[2020.11.01-23.47.35:564][694]LogEditorViewport: Clicking on Actor (LMB): StaticMeshActor (Wall4)
[2020.11.01-23.47.38:097][994]Cmd: DELETE
[2020.11.01-23.47.38:097][994]Cmd: ACTOR DELETE
[2020.11.01-23.47.38:099][994]LogEditorActor: Deleted Actor: StaticMeshActor
[2020.11.01-23.47.38:122][994]LogUObjectHash: Compacting FUObjectHashTables data took   2.03ms
[2020.11.01-23.47.38:124][994]LogEditorActor: Deleted 1 Actors (0.026 secs)
[2020.11.01-23.47.39:676][180]Cmd: TRANSACTION UNDO
[2020.11.01-23.47.39:676][180]LogEditorTransaction: Undo Delete Actors
[2020.11.01-23.47.40:685][254]LogEditorViewport: Clicking on Actor (LMB): StaticMeshActor (Floor)
[2020.11.01-23.47.41:812][386]LogEditorViewport: Clicking on Actor (LMB): boxPillarPuzzleS_C (boxPillarPuzzleS)
[2020.11.01-23.47.42:855][508]LogEditorViewport: Clicking on Actor (LMB): StaticMeshActor (Floor)
[2020.11.01-23.47.43:492][581]LogEditorViewport: Clicking on Actor (LMB): boxPillarPuzzleB_C (boxPillarPuzzleB)
[2020.11.01-23.47.43:969][636]LogEditorViewport: Clicking on Actor (context menu): StaticMeshActor (Floor)
[2020.11.01-23.47.45:357][795]LogEditorViewport: Clicking on Actor (LMB): boxPillarPuzzleB_C (boxPillarPuzzleB)
[2020.11.01-23.47.46:518][932]Cmd: DELETE
[2020.11.01-23.47.46:518][932]Cmd: ACTOR DELETE
[2020.11.01-23.47.46:520][932]LogEditorActor: Deleted Actor: boxPillarPuzzleB_C
[2020.11.01-23.47.46:544][932]LogUObjectHash: Compacting FUObjectHashTables data took   1.46ms
[2020.11.01-23.47.46:545][932]LogEditorActor: Deleted 1 Actors (0.026 secs)
[2020.11.01-23.47.47:839][ 79]LogTemp: Repeating last play command: Selected Viewport
[2020.11.01-23.47.47:846][ 79]LogPlayLevel: PlayLevel: No blueprints needed recompiling
[2020.11.01-23.47.47:846][ 79]PIE: New page: PIE session: FirstPersonExampleMap (Nov 1, 2020, 1:47:47 PM)
[2020.11.01-23.47.47:868][ 79]LogPlayLevel: Creating play world package: /Game/FirstPersonBP/Maps/UEDPIE_0_FirstPersonExampleMap
[2020.11.01-23.47.47:876][ 79]LogPlayLevel: PIE: StaticDuplicateObject took: (0.008150s)
[2020.11.01-23.47.47:877][ 79]LogAIModule: Creating AISystem for world FirstPersonExampleMap
[2020.11.01-23.47.47:877][ 79]LogAISub: UAISubsystem::UAISubsystem EnvQueryManager (000001ECE91EF600), frame # 51079
[2020.11.01-23.47.47:877][ 79]LogAISub: UAISubsystem::UAISubsystem AIPerceptionSystem (000001ECB3934B80), frame # 51079
[2020.11.01-23.47.47:877][ 79]LogPlayLevel: PIE: World Init took: (0.000919s)
[2020.11.01-23.47.47:877][ 79]LogPlayLevel: PIE: Created PIE world by copying editor world from /Game/FirstPersonBP/Maps/FirstPersonExampleMap.FirstPersonExampleMap to /Game/FirstPersonBP/Maps/UEDPIE_0_FirstPersonExampleMap.FirstPersonExampleMap (0.009244s)
[2020.11.01-23.47.47:903][ 79]LogUObjectHash: Compacting FUObjectHashTables data took   1.93ms
[2020.11.01-23.47.47:904][ 79]LogAudioMixer: Display: Audio Mixer Platform Settings:
[2020.11.01-23.47.47:904][ 79]LogAudioMixer: Display: 	Sample Rate:						  48000
[2020.11.01-23.47.47:904][ 79]LogAudioMixer: Display: 	Callback Buffer Frame Size Requested: 1024
[2020.11.01-23.47.47:904][ 79]LogAudioMixer: Display: 	Callback Buffer Frame Size To Use:	  1024
[2020.11.01-23.47.47:904][ 79]LogAudioMixer: Display: 	Number of buffers to queue:			  2
[2020.11.01-23.47.47:904][ 79]LogAudioMixer: Display: 	Max Channels (voices):				  32
[2020.11.01-23.47.47:904][ 79]LogAudioMixer: Display: 	Number of Async Source Workers:		  0
[2020.11.01-23.47.47:904][ 79]LogAudio: Display: AudioDevice MaxSources: 32
[2020.11.01-23.47.47:904][ 79]LogAudio: Display: Using built-in audio occlusion.
[2020.11.01-23.47.47:904][ 79]LogAudioMixer: Display: Initializing audio mixer.
[2020.11.01-23.47.47:906][ 79]LogAudioMixer: Display: 0: FrontLeft
[2020.11.01-23.47.47:906][ 79]LogAudioMixer: Display: 1: FrontRight
[2020.11.01-23.47.47:920][ 79]LogAudioMixer: Display: Using Audio Device Speakers (Realtek(R) Audio)
[2020.11.01-23.47.47:920][ 79]LogAudioMixer: Display: Initializing Sound Submixes...
[2020.11.01-23.47.47:920][ 79]LogAudioMixer: Display: Creating Master Submix 'MasterSubmixDefault'
[2020.11.01-23.47.47:920][ 79]LogAudioMixer: Display: Creating Master Submix 'MasterReverbSubmixDefault'
[2020.11.01-23.47.47:920][ 79]LogAudioMixer: Display: Creating Master Submix 'MasterEQSubmixDefault'
[2020.11.01-23.47.47:921][ 79]LogInit: FAudioDevice initialized.
[2020.11.01-23.47.47:933][ 79]LogLoad: Game class is 'FirstPersonGameMode_C'
[2020.11.01-23.47.47:935][ 79]LogWorld: Bringing World /Game/FirstPersonBP/Maps/UEDPIE_0_FirstPersonExampleMap.FirstPersonExampleMap up for play (max tick rate 0) at 2020.11.01-18.47.47
[2020.11.01-23.47.47:935][ 79]LogWorld: Bringing up level for play took: 0.001346
[2020.11.01-23.47.47:935][ 79]LogOnline: OSS: Creating online subsystem instance for: :Context_12
[2020.11.01-23.47.47:937][ 79]PIE: Server logged in
[2020.11.01-23.47.47:937][ 79]PIE: Play in editor total start time 0.091 seconds.
[2020.11.01-23.47.52:330][599]LogSlate: Updating window title bar state: overlay mode, drag disabled, window buttons hidden, title bar hidden
[2020.11.01-23.47.52:330][599]LogWorld: BeginTearingDown for /Game/FirstPersonBP/Maps/UEDPIE_0_FirstPersonExampleMap
[2020.11.01-23.47.52:330][599]LogWorld: UWorld::CleanupWorld for FirstPersonExampleMap, bSessionEnded=true, bCleanupResources=true
[2020.11.01-23.47.52:332][599]LogSlate: InvalidateAllWidgets triggered.  All widgets were invalidated
[2020.11.01-23.47.52:343][599]LogPlayLevel: Display: Shutting down PIE online subsystems
[2020.11.01-23.47.52:347][599]LogSlate: InvalidateAllWidgets triggered.  All widgets were invalidated
[2020.11.01-23.47.52:376][599]LogSlate: Updating window title bar state: overlay mode, drag disabled, window buttons hidden, title bar hidden
[2020.11.01-23.47.52:389][599]LogAISub: UAISubsystem::~UAISubsystem AIPerceptionSystem (000001ECB3934B80), frame # 51599
[2020.11.01-23.47.52:389][599]LogAISub: UAISubsystem::~UAISubsystem EnvQueryManager (000001ECE91EF600), frame # 51599
[2020.11.01-23.47.52:391][599]LogUObjectHash: Compacting FUObjectHashTables data took   1.69ms
[2020.11.01-23.47.52:423][600]LogPlayLevel: Display: Destroying online subsystem :Context_12
[2020.11.01-23.48.01:655][643]LogSavePackage: Moving '../../../../../../Users/jack/OneDrive/Documents/Unreal Projects/MatchTheDiffrence/MatchtheDiff/Saved/boxPillarPuzzleS7E1DDB974F4E20DEE7A8C88CAFBE480C.tmp' to '../../../../../../Users/jack/OneDrive/Documents/Unreal Projects/MatchTheDiffrence/MatchtheDiff/Content/FirstPersonBP/MYblueprints/boxPillarPuzzleS.uasset'
[2020.11.01-23.48.01:669][643]AssetCheck: New page: Asset Save: boxPillarPuzzleS
[2020.11.01-23.48.01:669][643]LogContentValidation: Display: Validating Blueprint /Game/FirstPersonBP/MYblueprints/boxPillarPuzzleS.boxPillarPuzzleS
